This is pdfTeX, Version 3.141592653-2.6-1.40.22 (MiKTeX 21.3) (preloaded format=pdflatex 2021.5.23)  21 MAR 2023 00:38
entering extended mode
**./Tractor_Nonparametric.tex
(Tractor_Nonparametric.tex
LaTeX2e <2020-10-01> patch level 4
L3 programming layer <2021-05-11>
(C:\Users\le279259\AppData\Local\Programs\MiKTeX\tex/latex/paper\paper.cls
Document Class: paper 2008/05/30 1.0l LaTeX document class (wm).
\hours=\count179
\minutes=\count180
(C:\Users\le279259\AppData\Local\Programs\MiKTeX\tex/latex/base\size11.clo
File: size11.clo 2020/04/10 v1.4m Standard LaTeX file (size option)
)
\beforetitlespace=\skip47
\c@part=\count181
\c@section=\count182
\c@subsection=\count183
\c@subsubsection=\count184
\c@paragraph=\count185
\c@subparagraph=\count186
\exampleindent=\skip48
\c@figure=\count187
\c@table=\count188
\abovecaptionskip=\skip49
\belowcaptionskip=\skip50
\bibindent=\dimen138
)
(C:\Users\le279259\AppData\Local\Programs\MiKTeX\tex/latex/psnfss\palatino.sty
Package: palatino 2020/03/25 PSNFSS-v9.3 (SPQR) 
)
(C:\Users\le279259\AppData\Local\Programs\MiKTeX\tex/latex/amsfonts\amsfonts.st
y
Package: amsfonts 2013/01/14 v3.01 Basic AMSFonts support
\@emptytoks=\toks15
\symAMSa=\mathgroup4
\symAMSb=\mathgroup5
LaTeX Font Info:    Redeclaring math symbol \hbar on input line 98.
LaTeX Font Info:    Overwriting math alphabet `\mathfrak' in version `bold'
(Font)                  U/euf/m/n --> U/euf/b/n on input line 106.
)
(C:\Users\le279259\AppData\Local\Programs\MiKTeX\tex/latex/amsmath\amsmath.sty
Package: amsmath 2020/09/23 v2.17i AMS math features
\@mathmargin=\skip51

For additional information on amsmath, use the `?' option.
(C:\Users\le279259\AppData\Local\Programs\MiKTeX\tex/latex/amsmath\amstext.sty
Package: amstext 2000/06/29 v2.01 AMS text

(C:\Users\le279259\AppData\Local\Programs\MiKTeX\tex/latex/amsmath\amsgen.sty
File: amsgen.sty 1999/11/30 v2.0 generic functions
\@emptytoks=\toks16
\ex@=\dimen139
)) (C:\Users\le279259\AppData\Local\Programs\MiKTeX\tex/latex/amsmath\amsbsy.st
y
Package: amsbsy 1999/11/29 v1.2d Bold Symbols
\pmbraise@=\dimen140
) (C:\Users\le279259\AppData\Local\Programs\MiKTeX\tex/latex/amsmath\amsopn.sty
Package: amsopn 2016/03/08 v2.02 operator names
)
\inf@bad=\count189
LaTeX Info: Redefining \frac on input line 234.
\uproot@=\count190
\leftroot@=\count191
LaTeX Info: Redefining \overline on input line 399.
\classnum@=\count192
\DOTSCASE@=\count193
LaTeX Info: Redefining \ldots on input line 496.
LaTeX Info: Redefining \dots on input line 499.
LaTeX Info: Redefining \cdots on input line 620.
\Mathstrutbox@=\box47
\strutbox@=\box48
\big@size=\dimen141
LaTeX Font Info:    Redeclaring font encoding OML on input line 743.
LaTeX Font Info:    Redeclaring font encoding OMS on input line 744.
\macc@depth=\count194
\c@MaxMatrixCols=\count195
\dotsspace@=\muskip16
\c@parentequation=\count196
\dspbrk@lvl=\count197
\tag@help=\toks17
\row@=\count198
\column@=\count199
\maxfields@=\count266
\andhelp@=\toks18
\eqnshift@=\dimen142
\alignsep@=\dimen143
\tagshift@=\dimen144
\tagwidth@=\dimen145
\totwidth@=\dimen146
\lineht@=\dimen147
\@envbody=\toks19
\multlinegap=\skip52
\multlinetaggap=\skip53
\mathdisplay@stack=\toks20
LaTeX Info: Redefining \[ on input line 2923.
LaTeX Info: Redefining \] on input line 2924.
)
(C:\Users\le279259\AppData\Local\Programs\MiKTeX\tex/latex/amsfonts\amssymb.sty
Package: amssymb 2013/01/14 v3.01 AMS font symbols
)
(C:\Users\le279259\AppData\Local\Programs\MiKTeX\tex/latex/listings\listings.st
y
(C:\Users\le279259\AppData\Local\Programs\MiKTeX\tex/latex/graphics\keyval.sty
Package: keyval 2014/10/28 v1.15 key=value parser (DPC)
\KV@toks@=\toks21
)
\lst@mode=\count267
\lst@gtempboxa=\box49
\lst@token=\toks22
\lst@length=\count268
\lst@currlwidth=\dimen148
\lst@column=\count269
\lst@pos=\count270
\lst@lostspace=\dimen149
\lst@width=\dimen150
\lst@newlines=\count271
\lst@lineno=\count272
\lst@maxwidth=\dimen151

(C:\Users\le279259\AppData\Local\Programs\MiKTeX\tex/latex/listings\lstmisc.sty
File: lstmisc.sty 2020/03/24 1.8d (Carsten Heinz)
\c@lstnumber=\count273
\lst@skipnumbers=\count274
\lst@framebox=\box50
)
(C:\Users\le279259\AppData\Local\Programs\MiKTeX\tex/latex/listings\listings.cf
g
File: listings.cfg 2020/03/24 1.8d listings configuration
))
Package: listings 2020/03/24 1.8d (Carsten Heinz)

(C:\Users\le279259\AppData\Local\Programs\MiKTeX\tex/latex/base\textcomp.sty
Package: textcomp 2020/02/02 v2.0n Standard LaTeX package
)
(C:\Users\le279259\AppData\Local\Programs\MiKTeX\tex/latex/graphics\color.sty
Package: color 2020/02/24 v1.2b Standard LaTeX Color (DPC)

(C:\Users\le279259\AppData\Local\Programs\MiKTeX\tex/latex/graphics-cfg\color.c
fg
File: color.cfg 2016/01/02 v1.6 sample color configuration
)
Package color Info: Driver file: pdftex.def on input line 147.

(C:\Users\le279259\AppData\Local\Programs\MiKTeX\tex/latex/graphics-def\pdftex.
def
File: pdftex.def 2020/10/05 v1.2a Graphics/color driver for pdftex
))
(C:\Users\le279259\AppData\Local\Programs\MiKTeX\tex/latex/listings\lstlang1.st
y
File: lstlang1.sty 2020/03/24 1.8d listings language file
)
(C:\Users\le279259\AppData\Local\Programs\MiKTeX\tex/latex/listings\lstlang2.st
y
File: lstlang2.sty 2020/03/24 1.8d listings language file
)
(C:\Users\le279259\AppData\Local\Programs\MiKTeX\tex/latex/listings\lstlang3.st
y
File: lstlang3.sty 2020/03/24 1.8d listings language file
)
(C:\Users\le279259\AppData\Local\Programs\MiKTeX\tex/latex/graphics\graphicx.st
y
Package: graphicx 2020/09/09 v1.2b Enhanced LaTeX Graphics (DPC,SPQR)

(C:\Users\le279259\AppData\Local\Programs\MiKTeX\tex/latex/graphics\graphics.st
y
Package: graphics 2020/08/30 v1.4c Standard LaTeX Graphics (DPC,SPQR)
 (C:\Users\le279259\AppData\Local\Programs\MiKTeX\tex/latex/graphics\trig.sty
Package: trig 2016/01/03 v1.10 sin cos tan (DPC)
)
(C:\Users\le279259\AppData\Local\Programs\MiKTeX\tex/latex/graphics-cfg\graphic
s.cfg
File: graphics.cfg 2016/06/04 v1.11 sample graphics configuration
)
Package graphics Info: Driver file: pdftex.def on input line 105.
)
\Gin@req@height=\dimen152
\Gin@req@width=\dimen153
)
(C:\Users\le279259\AppData\Local\Programs\MiKTeX\tex/latex/epstopdf-pkg\epstopd
f.sty
Package: epstopdf 2020-01-24 v2.11 Conversion with epstopdf on the fly (HO)

(C:\Users\le279259\AppData\Local\Programs\MiKTeX\tex/generic/infwarerr\infwarer
r.sty
Package: infwarerr 2019/12/03 v1.5 Providing info/warning/error messages (HO)
)
(C:\Users\le279259\AppData\Local\Programs\MiKTeX\tex/latex/grfext\grfext.sty
Package: grfext 2019/12/03 v1.3 Manage graphics extensions (HO)

(C:\Users\le279259\AppData\Local\Programs\MiKTeX\tex/generic/kvdefinekeys\kvdef
inekeys.sty
Package: kvdefinekeys 2019-12-19 v1.6 Define keys (HO)
))
(C:\Users\le279259\AppData\Local\Programs\MiKTeX\tex/latex/kvoptions\kvoptions.
sty
Package: kvoptions 2020-10-07 v3.14 Key value format for package options (HO)

(C:\Users\le279259\AppData\Local\Programs\MiKTeX\tex/generic/ltxcmds\ltxcmds.st
y
Package: ltxcmds 2020-05-10 v1.25 LaTeX kernel commands for general use (HO)
)
(C:\Users\le279259\AppData\Local\Programs\MiKTeX\tex/generic/kvsetkeys\kvsetkey
s.sty
Package: kvsetkeys 2019/12/15 v1.18 Key value parser (HO)
))
(C:\Users\le279259\AppData\Local\Programs\MiKTeX\tex/generic/pdftexcmds\pdftexc
mds.sty
Package: pdftexcmds 2020-06-27 v0.33 Utility functions of pdfTeX for LuaTeX (HO
)

(C:\Users\le279259\AppData\Local\Programs\MiKTeX\tex/generic/iftex\iftex.sty
Package: iftex 2020/03/06 v1.0d TeX engine tests
)
Package pdftexcmds Info: \pdf@primitive is available.
Package pdftexcmds Info: \pdf@ifprimitive is available.
Package pdftexcmds Info: \pdfdraftmode found.
)
(C:\Users\le279259\AppData\Local\Programs\MiKTeX\tex/latex/epstopdf-pkg\epstopd
f-base.sty
Package: epstopdf-base 2020-01-24 v2.11 Base part for package epstopdf
Package epstopdf-base Info: Redefining graphics rule for `.eps' on input line 4
85.
Package grfext Info: Graphics extension search list:
(grfext)             [.pdf,.png,.jpg,.mps,.jpeg,.jbig2,.jb2,.PDF,.PNG,.JPG,.JPE
G,.JBIG2,.JB2,.eps]
(grfext)             \AppendGraphicsExtensions on input line 504.

(C:\Users\le279259\AppData\Local\Programs\MiKTeX\tex/latex/00miktex\epstopdf-sy
s.cfg
File: epstopdf-sys.cfg 2021/03/18 v2.0 Configuration of epstopdf for MiKTeX
)))
(C:\Users\le279259\AppData\Local\Programs\MiKTeX\tex/latex/subfig\subfig.sty
Package: subfig 2005/06/28 ver: 1.3 subfig package

(C:\Users\le279259\AppData\Local\Programs\MiKTeX\tex/latex/caption\caption.sty
Package: caption 2020/10/26 v3.5g Customizing captions (AR)

(C:\Users\le279259\AppData\Local\Programs\MiKTeX\tex/latex/caption\caption3.sty
Package: caption3 2020/10/21 v2.2e caption3 kernel (AR)
\captionmargin=\dimen154
\captionmargin@=\dimen155
\captionwidth=\dimen156
\caption@tempdima=\dimen157
\caption@indent=\dimen158
\caption@parindent=\dimen159
\caption@hangindent=\dimen160
Package caption Info: thesis document class detected.

(C:\Users\le279259\AppData\Local\Programs\MiKTeX\tex/latex/caption\caption-thes
is.sto
File: caption-thesis.sto 2020/08/22 v2.0 Adaption of the caption package to the
 thesis document class (AR)
))
\c@caption@flags=\count275
\c@continuedfloat=\count276
Package caption Info: listings package is loaded.
)
\c@KVtest=\count277
\sf@farskip=\skip54
\sf@captopadj=\dimen161
\sf@capskip=\skip55
\sf@nearskip=\skip56
\c@subfigure=\count278
\c@subfigure@save=\count279
\c@lofdepth=\count280
\c@subtable=\count281
\c@subtable@save=\count282
\c@lotdepth=\count283
\sf@top=\skip57
\sf@bottom=\skip58
)
LaTeX Font Info:    Trying to load font information for OT1+ppl on input line 4
8.

(C:\Users\le279259\AppData\Local\Programs\MiKTeX\tex/latex/psnfss\ot1ppl.fd
File: ot1ppl.fd 2001/06/04 font definitions for OT1/ppl.
)
(C:\Users\le279259\AppData\Local\Programs\MiKTeX\tex/latex/l3backend\l3backend-
pdftex.def
File: l3backend-pdftex.def 2021-05-07 L3 backend support: PDF output (pdfTeX)
\l__color_backend_stack_int=\count284
\l__pdf_internal_box=\box51
) (Tractor_Nonparametric.aux)
\openout1 = `Tractor_Nonparametric.aux'.

LaTeX Font Info:    Checking defaults for OML/cmm/m/it on input line 48.
LaTeX Font Info:    ... okay on input line 48.
LaTeX Font Info:    Checking defaults for OMS/cmsy/m/n on input line 48.
LaTeX Font Info:    ... okay on input line 48.
LaTeX Font Info:    Checking defaults for OT1/cmr/m/n on input line 48.
LaTeX Font Info:    ... okay on input line 48.
LaTeX Font Info:    Checking defaults for T1/cmr/m/n on input line 48.
LaTeX Font Info:    ... okay on input line 48.
LaTeX Font Info:    Checking defaults for TS1/cmr/m/n on input line 48.
LaTeX Font Info:    ... okay on input line 48.
LaTeX Font Info:    Checking defaults for OMX/cmex/m/n on input line 48.
LaTeX Font Info:    ... okay on input line 48.
LaTeX Font Info:    Checking defaults for U/cmr/m/n on input line 48.
LaTeX Font Info:    ... okay on input line 48.
\c@lstlisting=\count285

(C:\Users\le279259\AppData\Local\Programs\MiKTeX\tex/context/base/mkii\supp-pdf
.mkii
[Loading MPS to PDF converter (version 2006.09.02).]
\scratchcounter=\count286
\scratchdimen=\dimen162
\scratchbox=\box52
\nofMPsegments=\count287
\nofMParguments=\count288
\everyMPshowfont=\toks23
\MPscratchCnt=\count289
\MPscratchDim=\dimen163
\MPnumerator=\count290
\makeMPintoPDFobject=\count291
\everyMPtoPDFconversion=\toks24
)
Package caption Info: Begin \AtBeginDocument code.
Package caption Info: subfig package v1.3 is loaded.
Package caption Info: End \AtBeginDocument code.
LaTeX Font Info:    Trying to load font information for OT1+phv on input line 6
7.
 (C:\Users\le279259\AppData\Local\Programs\MiKTeX\tex/latex/psnfss\ot1phv.fd
File: ot1phv.fd 2020/03/25 scalable font definitions for OT1/phv.
)
LaTeX Font Info:    Trying to load font information for OT1+pcr on input line 6
9.

(C:\Users\le279259\AppData\Local\Programs\MiKTeX\tex/latex/psnfss\ot1pcr.fd
File: ot1pcr.fd 2001/06/04 font definitions for OT1/pcr.
)
LaTeX Font Info:    Trying to load font information for U+msa on input line 72.


(C:\Users\le279259\AppData\Local\Programs\MiKTeX\tex/latex/amsfonts\umsa.fd
File: umsa.fd 2013/01/14 v3.01 AMS symbols A
)
LaTeX Font Info:    Trying to load font information for U+msb on input line 72.


(C:\Users\le279259\AppData\Local\Programs\MiKTeX\tex/latex/amsfonts\umsb.fd
File: umsb.fd 2013/01/14 v3.01 AMS symbols B
)
Overfull \hbox (92.95135pt too wide) in paragraph at lines 72--90
[][] 
 []

[1

{C:/Users/le279259/AppData/Local/MiKTeX/pdftex/config/pdftex.map}]
(../Tables/reg_sq_horse.tex) [2

] [3] (../Tables/reg_sq_horse_fwl.tex
Overfull \hbox (52.30447pt too wide) in paragraph at lines 5--41
 [] 
 []

) [4

] [5]
<../Figures/dev_vs_horse.pdf, id=35, 505.89pt x 505.89pt>
File: ../Figures/dev_vs_horse.pdf Graphic file (type pdf)
<use ../Figures/dev_vs_horse.pdf>
Package pdftex.def Info: ../Figures/dev_vs_horse.pdf  used on input line 215.
(pdftex.def)             Requested size: 252.94437pt x 252.94437pt.
 [6 <../Figures/dev_vs_horse.pdf>]
Overfull \hbox (18.28506pt too wide) in paragraph at lines 222--231
\OT1/ppl/m/n/10.95 dimensional na-ture of the horse-power vari-able when we con
-sider the quadratic
 []

<../Figures/dev_vs_horse_dev.pdf, id=45, 505.89pt x 505.89pt>
File: ../Figures/dev_vs_horse_dev.pdf Graphic file (type pdf)
<use ../Figures/dev_vs_horse_dev.pdf>
Package pdftex.def Info: ../Figures/dev_vs_horse_dev.pdf  used on input line 23
5.
(pdftex.def)             Requested size: 252.94437pt x 252.94437pt.
[7 <../Figures/dev_vs_horse_dev.pdf>]
<../Figures/dev_np_vs_horse_dev.pdf, id=56, 505.89pt x 505.89pt>
File: ../Figures/dev_np_vs_horse_dev.pdf Graphic file (type pdf)
<use ../Figures/dev_np_vs_horse_dev.pdf>
Package pdftex.def Info: ../Figures/dev_np_vs_horse_dev.pdf  used on input line
 252.
(pdftex.def)             Requested size: 252.94437pt x 252.94437pt.
 [8

 <../Figures/dev_np_vs_horse_dev.pdf>]
Overfull \hbox (14.71544pt too wide) in paragraph at lines 273--280
\OT1/ppl/m/n/10.95 model. The smoother curve in or-ange even more closely rep-r
e-sents a quadratic
 []

<../Figures/dev_np_vs_horse_dev_bw.pdf, id=66, 505.89pt x 505.89pt>
File: ../Figures/dev_np_vs_horse_dev_bw.pdf Graphic file (type pdf)
<use ../Figures/dev_np_vs_horse_dev_bw.pdf>
Package pdftex.def Info: ../Figures/dev_np_vs_horse_dev_bw.pdf  used on input l
ine 283.
(pdftex.def)             Requested size: 252.94437pt x 252.94437pt.
[9

 <../Figures/dev_np_vs_horse_dev_bw.pdf>] (../Tables/reg_age_fwl.tex
Overfull \hbox (35.97952pt too wide) in paragraph at lines 4--37
 [] 
 []

) [10

] [11]
<../Figures/dev_vs_age.pdf, id=82, 505.89pt x 505.89pt>
File: ../Figures/dev_vs_age.pdf Graphic file (type pdf)
<use ../Figures/dev_vs_age.pdf>
Package pdftex.def Info: ../Figures/dev_vs_age.pdf  used on input line 323.
(pdftex.def)             Requested size: 252.94437pt x 252.94437pt.
 [12 <../Figures/dev_vs_age.pdf>]
<../Figures/dev_vs_age_dev.pdf, id=92, 505.89pt x 505.89pt>
File: ../Figures/dev_vs_age_dev.pdf Graphic file (type pdf)
<use ../Figures/dev_vs_age_dev.pdf>
Package pdftex.def Info: ../Figures/dev_vs_age_dev.pdf  used on input line 341.

(pdftex.def)             Requested size: 252.94437pt x 252.94437pt.
 [13 <../Figures/dev_vs_age_dev.pdf>]
<../Figures/dev_np_vs_age_dev.pdf, id=103, 505.89pt x 505.89pt>
File: ../Figures/dev_np_vs_age_dev.pdf Graphic file (type pdf)
<use ../Figures/dev_np_vs_age_dev.pdf>
Package pdftex.def Info: ../Figures/dev_np_vs_age_dev.pdf  used on input line 3
61.
(pdftex.def)             Requested size: 252.94437pt x 252.94437pt.
 [14

 <../Figures/dev_np_vs_age_dev.pdf>] (../Tables/reg_eng_fwl.tex
Overfull \hbox (70.80846pt too wide) in paragraph at lines 4--37
 [] 
 []

) [15

] [16]
<../Figures/dev_vs_eng.pdf, id=119, 505.89pt x 505.89pt>
File: ../Figures/dev_vs_eng.pdf Graphic file (type pdf)
<use ../Figures/dev_vs_eng.pdf>
Package pdftex.def Info: ../Figures/dev_vs_eng.pdf  used on input line 401.
(pdftex.def)             Requested size: 252.94437pt x 252.94437pt.
 [17 <../Figures/dev_vs_eng.pdf>]
<../Figures/dev_np_vs_eng_dev.pdf, id=129, 505.89pt x 505.89pt>
File: ../Figures/dev_np_vs_eng_dev.pdf Graphic file (type pdf)
<use ../Figures/dev_np_vs_eng_dev.pdf>
Package pdftex.def Info: ../Figures/dev_np_vs_eng_dev.pdf  used on input line 4
31.
(pdftex.def)             Requested size: 252.94437pt x 252.94437pt.
 [18 <../Figures/dev_np_vs_eng_dev.pdf>] (../Tables/reg_semipar.tex
Overfull \hbox (100.97726pt too wide) in paragraph at lines 4--41
 [] 
 []

) [19] [20] (../Tables/reg_GAM_lin.tex
Overfull \hbox (73.61948pt too wide) in paragraph at lines 27--27
[]\OT1/pcr/m/n/10.95 log_saleprice ~ horsepower + squared_horsepower + age + en
ghours +[] 
 []


Overfull \hbox (14.48955pt too wide) in paragraph at lines 27--27
[]                     \OT1/pcr/m/n/10.95 Estimate Std. Error t value Pr(>|t|)[
] 
 []


Overfull \hbox (40.76952pt too wide) in paragraph at lines 27--27
[]\OT1/pcr/m/n/10.95 (Intercept)         8.728e+00  1.060e-01  82.327  < 2e-16 
***[] 
 []


Overfull \hbox (40.76952pt too wide) in paragraph at lines 27--27
[]\OT1/pcr/m/n/10.95 horsepower          1.112e-02  1.067e-03  10.423  < 2e-16 
***[] 
 []


Overfull \hbox (40.76952pt too wide) in paragraph at lines 27--27
[]\OT1/pcr/m/n/10.95 squared_horsepower -1.404e-05  2.255e-06  -6.223 1.89e-09 
***[] 
 []


Overfull \hbox (40.76952pt too wide) in paragraph at lines 27--27
[]\OT1/pcr/m/n/10.95 age                -3.233e-02  3.580e-03  -9.031  < 2e-16 
***[] 
 []


Overfull \hbox (40.76952pt too wide) in paragraph at lines 27--27
[]\OT1/pcr/m/n/10.95 enghours           -4.178e-05  9.569e-06  -4.367 1.81e-05 
***[] 
 []


Overfull \hbox (27.62953pt too wide) in paragraph at lines 27--27
[]\OT1/pcr/m/n/10.95 diesel              2.035e-01  9.805e-02   2.076   0.0389 
*[] 
 []


Overfull \hbox (40.76952pt too wide) in paragraph at lines 27--27
[]\OT1/pcr/m/n/10.95 fwd                 2.654e-01  5.820e-02   4.560 7.82e-06 
***[] 
 []


Overfull \hbox (27.62953pt too wide) in paragraph at lines 27--27
[]\OT1/pcr/m/n/10.95 manual             -1.502e-01  6.189e-02  -2.426   0.0159 
*[] 
 []


Overfull \hbox (40.76952pt too wide) in paragraph at lines 27--27
[]\OT1/pcr/m/n/10.95 johndeere           3.187e-01  7.186e-02   4.435 1.35e-05 
***[] 
 []


Overfull \hbox (40.76952pt too wide) in paragraph at lines 27--27
[]\OT1/pcr/m/n/10.95 cab                 4.834e-01  7.003e-02   6.903 3.72e-11 
***[] 
 []


Overfull \hbox (47.33951pt too wide) in paragraph at lines 27--27
[]\OT1/pcr/m/n/10.95 Signif. codes:  0 '***' 0.001 '**' 0.01 '*' 0.05 '.' 0.1 '
 ' 1[] 
 []

) [21] (../Tables/reg_GAM_full.tex
Overfull \hbox (53.9095pt too wide) in paragraph at lines 30--30
[]\OT1/pcr/m/n/10.95 log_saleprice ~ s(horsepower) + s(age) + s(enghours) + die
sel +[] 
 []


Overfull \hbox (47.33951pt too wide) in paragraph at lines 30--30
[]\OT1/pcr/m/n/10.95 Signif. codes:  0 '***' 0.001 '**' 0.01 '*' 0.05 '.' 0.1 '
 ' 1[] 
 []


Overfull \hbox (47.33951pt too wide) in paragraph at lines 30--30
[]\OT1/pcr/m/n/10.95 Signif. codes:  0 '***' 0.001 '**' 0.01 '*' 0.05 '.' 0.1 '
 ' 1[] 
 []

)
Overfull \hbox (0.21323pt too wide) in paragraph at lines 495--507
[]\OT1/ppl/m/n/10.95 On the other hand, the ad-justed R-squared has not in-crea
sed very much,
 []


Overfull \hbox (1.02861pt too wide) in paragraph at lines 495--507
\OT1/ppl/m/n/10.95 from 0.799 to 0.819 un-der this spec-i-fi-ca-tion, which may
 not jus-tify the added
 []

[22] (../Tables/reg_GAM_hp.tex
Overfull \hbox (53.9095pt too wide) in paragraph at lines 30--30
[]\OT1/pcr/m/n/10.95 log_saleprice ~ s(horsepower) + age + enghours + diesel + 
fwd +[] 
 []


Overfull \hbox (47.33951pt too wide) in paragraph at lines 30--30
[]\OT1/pcr/m/n/10.95 Signif. codes:  0 '***' 0.001 '**' 0.01 '*' 0.05 '.' 0.1 '
 ' 1[] 
 []


Overfull \hbox (47.33951pt too wide) in paragraph at lines 30--30
[]\OT1/pcr/m/n/10.95 Signif. codes:  0 '***' 0.001 '**' 0.01 '*' 0.05 '.' 0.1 '
 ' 1[] 
 []

) [23] (Tractor_Nonparametric.aux) ) 
Here is how much of TeX's memory you used:
 6024 strings out of 479163
 99289 string characters out of 2852567
 544779 words of memory out of 3000000
 23506 multiletter control sequences out of 15000+600000
 420606 words of font info for 72 fonts, out of 8000000 for 9000
 1141 hyphenation exceptions out of 8191
 69i,11n,79p,295b,403s stack positions out of 5000i,500n,10000p,200000b,80000s
{C:/Users/le279259/AppData/Local/Programs/M
iKTeX/fonts/enc/dvips/base/8r.enc}<C:/Users/le279259/AppData/Local/Programs/MiK
TeX/fonts/type1/public/amsfonts/cm/cmmi10.pfb><C:/Users/le279259/AppData/Local/
Programs/MiKTeX/fonts/type1/public/amsfonts/cm/cmmi6.pfb><C:/Users/le279259/App
Data/Local/Programs/MiKTeX/fonts/type1/public/amsfonts/cm/cmmi8.pfb><C:/Users/l
e279259/AppData/Local/Programs/MiKTeX/fonts/type1/public/amsfonts/cm/cmmi9.pfb>
<C:/Users/le279259/AppData/Local/Programs/MiKTeX/fonts/type1/public/amsfonts/cm
/cmr10.pfb><C:/Users/le279259/AppData/Local/Programs/MiKTeX/fonts/type1/public/
amsfonts/cm/cmr6.pfb><C:/Users/le279259/AppData/Local/Programs/MiKTeX/fonts/typ
e1/public/amsfonts/cm/cmr8.pfb><C:/Users/le279259/AppData/Local/Programs/MiKTeX
/fonts/type1/public/amsfonts/cm/cmr9.pfb><C:/Users/le279259/AppData/Local/Progr
ams/MiKTeX/fonts/type1/public/amsfonts/cm/cmsy10.pfb><C:/Users/le279259/AppData
/Local/Programs/MiKTeX/fonts/type1/public/amsfonts/cm/cmsy5.pfb><C:/Users/le279
259/AppData/Local/Programs/MiKTeX/fonts/type1/public/amsfonts/cm/cmsy6.pfb><C:/
Users/le279259/AppData/Local/Programs/MiKTeX/fonts/type1/public/amsfonts/cm/cms
y8.pfb><C:/Users/le279259/AppData/Local/Programs/MiKTeX/fonts/type1/public/amsf
onts/cm/cmsy9.pfb><C:/Users/le279259/AppData/Local/Programs/MiKTeX/fonts/type1/
urw/courier/ucrr8a.pfb><C:/Users/le279259/AppData/Local/Programs/MiKTeX/fonts/t
ype1/urw/helvetic/uhvb8a.pfb><C:/Users/le279259/AppData/Local/Programs/MiKTeX/f
onts/type1/urw/helvetic/uhvr8a.pfb><C:/Users/le279259/AppData/Local/Programs/Mi
KTeX/fonts/type1/urw/palatino/uplb8a.pfb><C:/Users/le279259/AppData/Local/Progr
ams/MiKTeX/fonts/type1/urw/palatino/uplr8a.pfb>
Output written on Tractor_Nonparametric.pdf (23 pages, 643583 bytes).
PDF statistics:
 212 PDF objects out of 1000 (max. 8388607)
 0 named destinations out of 1000 (max. 500000)
 46 words of extra memory for PDF output out of 10000 (max. 10000000)

