This is pdfTeX, Version 3.141592653-2.6-1.40.22 (MiKTeX 21.3) (preloaded format=pdflatex 2021.5.23)  17 JAN 2023 23:28
entering extended mode
**./Tractor_Price_Density.tex
(Tractor_Price_Density.tex
LaTeX2e <2020-10-01> patch level 4
L3 programming layer <2021-05-11>
(C:\Users\le279259\AppData\Local\Programs\MiKTeX\tex/latex/base\book.cls
Document Class: book 2020/04/10 v1.4m Standard LaTeX document class
(C:\Users\le279259\AppData\Local\Programs\MiKTeX\tex/latex/base\bk11.clo
File: bk11.clo 2020/04/10 v1.4m Standard LaTeX file (size option)
)
\c@part=\count179
\c@chapter=\count180
\c@section=\count181
\c@subsection=\count182
\c@subsubsection=\count183
\c@paragraph=\count184
\c@subparagraph=\count185
\c@figure=\count186
\c@table=\count187
\abovecaptionskip=\skip47
\belowcaptionskip=\skip48
\bibindent=\dimen138
)
(C:\Users\le279259\AppData\Local\Programs\MiKTeX\tex/latex/psnfss\palatino.sty
Package: palatino 2020/03/25 PSNFSS-v9.3 (SPQR) 
)
(C:\Users\le279259\AppData\Local\Programs\MiKTeX\tex/latex/amsfonts\amsfonts.st
y
Package: amsfonts 2013/01/14 v3.01 Basic AMSFonts support
\@emptytoks=\toks15
\symAMSa=\mathgroup4
\symAMSb=\mathgroup5
LaTeX Font Info:    Redeclaring math symbol \hbar on input line 98.
LaTeX Font Info:    Overwriting math alphabet `\mathfrak' in version `bold'
(Font)                  U/euf/m/n --> U/euf/b/n on input line 106.
)
(C:\Users\le279259\AppData\Local\Programs\MiKTeX\tex/latex/amsmath\amsmath.sty
Package: amsmath 2020/09/23 v2.17i AMS math features
\@mathmargin=\skip49

For additional information on amsmath, use the `?' option.
(C:\Users\le279259\AppData\Local\Programs\MiKTeX\tex/latex/amsmath\amstext.sty
Package: amstext 2000/06/29 v2.01 AMS text

(C:\Users\le279259\AppData\Local\Programs\MiKTeX\tex/latex/amsmath\amsgen.sty
File: amsgen.sty 1999/11/30 v2.0 generic functions
\@emptytoks=\toks16
\ex@=\dimen139
)) (C:\Users\le279259\AppData\Local\Programs\MiKTeX\tex/latex/amsmath\amsbsy.st
y
Package: amsbsy 1999/11/29 v1.2d Bold Symbols
\pmbraise@=\dimen140
) (C:\Users\le279259\AppData\Local\Programs\MiKTeX\tex/latex/amsmath\amsopn.sty
Package: amsopn 2016/03/08 v2.02 operator names
)
\inf@bad=\count188
LaTeX Info: Redefining \frac on input line 234.
\uproot@=\count189
\leftroot@=\count190
LaTeX Info: Redefining \overline on input line 399.
\classnum@=\count191
\DOTSCASE@=\count192
LaTeX Info: Redefining \ldots on input line 496.
LaTeX Info: Redefining \dots on input line 499.
LaTeX Info: Redefining \cdots on input line 620.
\Mathstrutbox@=\box47
\strutbox@=\box48
\big@size=\dimen141
LaTeX Font Info:    Redeclaring font encoding OML on input line 743.
LaTeX Font Info:    Redeclaring font encoding OMS on input line 744.
\macc@depth=\count193
\c@MaxMatrixCols=\count194
\dotsspace@=\muskip16
\c@parentequation=\count195
\dspbrk@lvl=\count196
\tag@help=\toks17
\row@=\count197
\column@=\count198
\maxfields@=\count199
\andhelp@=\toks18
\eqnshift@=\dimen142
\alignsep@=\dimen143
\tagshift@=\dimen144
\tagwidth@=\dimen145
\totwidth@=\dimen146
\lineht@=\dimen147
\@envbody=\toks19
\multlinegap=\skip50
\multlinetaggap=\skip51
\mathdisplay@stack=\toks20
LaTeX Info: Redefining \[ on input line 2923.
LaTeX Info: Redefining \] on input line 2924.
)
(C:\Users\le279259\AppData\Local\Programs\MiKTeX\tex/latex/amsfonts\amssymb.sty
Package: amssymb 2013/01/14 v3.01 AMS font symbols
)
(C:\Users\le279259\AppData\Local\Programs\MiKTeX\tex/latex/graphics\graphicx.st
y
Package: graphicx 2020/09/09 v1.2b Enhanced LaTeX Graphics (DPC,SPQR)

(C:\Users\le279259\AppData\Local\Programs\MiKTeX\tex/latex/graphics\keyval.sty
Package: keyval 2014/10/28 v1.15 key=value parser (DPC)
\KV@toks@=\toks21
)
(C:\Users\le279259\AppData\Local\Programs\MiKTeX\tex/latex/graphics\graphics.st
y
Package: graphics 2020/08/30 v1.4c Standard LaTeX Graphics (DPC,SPQR)
 (C:\Users\le279259\AppData\Local\Programs\MiKTeX\tex/latex/graphics\trig.sty
Package: trig 2016/01/03 v1.10 sin cos tan (DPC)
)
(C:\Users\le279259\AppData\Local\Programs\MiKTeX\tex/latex/graphics-cfg\graphic
s.cfg
File: graphics.cfg 2016/06/04 v1.11 sample graphics configuration
)
Package graphics Info: Driver file: pdftex.def on input line 105.

(C:\Users\le279259\AppData\Local\Programs\MiKTeX\tex/latex/graphics-def\pdftex.
def
File: pdftex.def 2020/10/05 v1.2a Graphics/color driver for pdftex
))
\Gin@req@height=\dimen148
\Gin@req@width=\dimen149
)
(C:\Users\le279259\AppData\Local\Programs\MiKTeX\tex/latex/epstopdf-pkg\epstopd
f.sty
Package: epstopdf 2020-01-24 v2.11 Conversion with epstopdf on the fly (HO)

(C:\Users\le279259\AppData\Local\Programs\MiKTeX\tex/generic/infwarerr\infwarer
r.sty
Package: infwarerr 2019/12/03 v1.5 Providing info/warning/error messages (HO)
)
(C:\Users\le279259\AppData\Local\Programs\MiKTeX\tex/latex/grfext\grfext.sty
Package: grfext 2019/12/03 v1.3 Manage graphics extensions (HO)

(C:\Users\le279259\AppData\Local\Programs\MiKTeX\tex/generic/kvdefinekeys\kvdef
inekeys.sty
Package: kvdefinekeys 2019-12-19 v1.6 Define keys (HO)
))
(C:\Users\le279259\AppData\Local\Programs\MiKTeX\tex/latex/kvoptions\kvoptions.
sty
Package: kvoptions 2020-10-07 v3.14 Key value format for package options (HO)

(C:\Users\le279259\AppData\Local\Programs\MiKTeX\tex/generic/ltxcmds\ltxcmds.st
y
Package: ltxcmds 2020-05-10 v1.25 LaTeX kernel commands for general use (HO)
)
(C:\Users\le279259\AppData\Local\Programs\MiKTeX\tex/generic/kvsetkeys\kvsetkey
s.sty
Package: kvsetkeys 2019/12/15 v1.18 Key value parser (HO)
))
(C:\Users\le279259\AppData\Local\Programs\MiKTeX\tex/generic/pdftexcmds\pdftexc
mds.sty
Package: pdftexcmds 2020-06-27 v0.33 Utility functions of pdfTeX for LuaTeX (HO
)

(C:\Users\le279259\AppData\Local\Programs\MiKTeX\tex/generic/iftex\iftex.sty
Package: iftex 2020/03/06 v1.0d TeX engine tests
)
Package pdftexcmds Info: \pdf@primitive is available.
Package pdftexcmds Info: \pdf@ifprimitive is available.
Package pdftexcmds Info: \pdfdraftmode found.
)
(C:\Users\le279259\AppData\Local\Programs\MiKTeX\tex/latex/epstopdf-pkg\epstopd
f-base.sty
Package: epstopdf-base 2020-01-24 v2.11 Base part for package epstopdf
Package epstopdf-base Info: Redefining graphics rule for `.eps' on input line 4
85.
Package grfext Info: Graphics extension search list:
(grfext)             [.pdf,.png,.jpg,.mps,.jpeg,.jbig2,.jb2,.PDF,.PNG,.JPG,.JPE
G,.JBIG2,.JB2,.eps]
(grfext)             \AppendGraphicsExtensions on input line 504.

(C:\Users\le279259\AppData\Local\Programs\MiKTeX\tex/latex/00miktex\epstopdf-sy
s.cfg
File: epstopdf-sys.cfg 2021/03/18 v2.0 Configuration of epstopdf for MiKTeX
)))
LaTeX Font Info:    Trying to load font information for OT1+ppl on input line 1
6.

(C:\Users\le279259\AppData\Local\Programs\MiKTeX\tex/latex/psnfss\ot1ppl.fd
File: ot1ppl.fd 2001/06/04 font definitions for OT1/ppl.
)
(C:\Users\le279259\AppData\Local\Programs\MiKTeX\tex/latex/l3backend\l3backend-
pdftex.def
File: l3backend-pdftex.def 2021-05-07 L3 backend support: PDF output (pdfTeX)
\l__color_backend_stack_int=\count266
\l__pdf_internal_box=\box49
) (Tractor_Price_Density.aux)
\openout1 = `Tractor_Price_Density.aux'.

LaTeX Font Info:    Checking defaults for OML/cmm/m/it on input line 16.
LaTeX Font Info:    ... okay on input line 16.
LaTeX Font Info:    Checking defaults for OMS/cmsy/m/n on input line 16.
LaTeX Font Info:    ... okay on input line 16.
LaTeX Font Info:    Checking defaults for OT1/cmr/m/n on input line 16.
LaTeX Font Info:    ... okay on input line 16.
LaTeX Font Info:    Checking defaults for T1/cmr/m/n on input line 16.
LaTeX Font Info:    ... okay on input line 16.
LaTeX Font Info:    Checking defaults for TS1/cmr/m/n on input line 16.
LaTeX Font Info:    ... okay on input line 16.
LaTeX Font Info:    Checking defaults for OMX/cmex/m/n on input line 16.
LaTeX Font Info:    ... okay on input line 16.
LaTeX Font Info:    Checking defaults for U/cmr/m/n on input line 16.
LaTeX Font Info:    ... okay on input line 16.

(C:\Users\le279259\AppData\Local\Programs\MiKTeX\tex/context/base/mkii\supp-pdf
.mkii
[Loading MPS to PDF converter (version 2006.09.02).]
\scratchcounter=\count267
\scratchdimen=\dimen150
\scratchbox=\box50
\nofMPsegments=\count268
\nofMParguments=\count269
\everyMPshowfont=\toks22
\MPscratchCnt=\count270
\MPscratchDim=\dimen151
\MPnumerator=\count271
\makeMPintoPDFobject=\count272
\everyMPtoPDFconversion=\toks23
)
LaTeX Font Info:    Trying to load font information for OT1+pcr on input line 3
8.
 (C:\Users\le279259\AppData\Local\Programs\MiKTeX\tex/latex/psnfss\ot1pcr.fd
File: ot1pcr.fd 2001/06/04 font definitions for OT1/pcr.
)
Overfull \hbox (13.32616pt too wide) in paragraph at lines 37--44
\OT1/ppl/m/n/10.95 This note sum-ma-rizes the find-ings in the script \OT1/pcr/
m/n/10.95 Tractor[]Price[]Density.R\OT1/ppl/m/n/10.95 ,
 []


Overfull \hbox (37.96246pt too wide) in paragraph at lines 37--44
\OT1/ppl/m/n/10.95 which an-a-lyzes the prices of trac-tors, the de-pen-dent va
ri-able in the \OT1/pcr/m/n/10.95 TRACTOR7.csv
 []

LaTeX Font Info:    Trying to load font information for U+msa on input line 50.

(C:\Users\le279259\AppData\Local\Programs\MiKTeX\tex/latex/amsfonts\umsa.fd
File: umsa.fd 2013/01/14 v3.01 AMS symbols A
)
LaTeX Font Info:    Trying to load font information for U+msb on input line 50.


(C:\Users\le279259\AppData\Local\Programs\MiKTeX\tex/latex/amsfonts\umsb.fd
File: umsb.fd 2013/01/14 v3.01 AMS symbols B
)
Overfull \hbox (92.95135pt too wide) in paragraph at lines 50--68
[][] 
 []

[1

{C:/Users/le279259/AppData/Local/MiKTeX/pdftex/config/pdftex.map}]

pdfTeX warning: pdflatex.exe (file ../Figures/hist_saleprice.pdf): PDF inclusio
n: found PDF version <1.7>, but at most version <1.5> allowed
<../Figures/hist_saleprice.pdf, id=10, 505.89pt x 505.89pt>
File: ../Figures/hist_saleprice.pdf Graphic file (type pdf)
<use ../Figures/hist_saleprice.pdf>
Package pdftex.def Info: ../Figures/hist_saleprice.pdf  used on input line 93.
(pdftex.def)             Requested size: 252.94437pt x 252.94437pt.

Overfull \hbox (93.32945pt too wide) in paragraph at lines 104--104
[]\OT1/pcr/m/n/10.95 tractor_sales[, 'log_saleprice'] <- log(tractor_sales[, 's
aleprice'])[] 
 []


Overfull \hbox (27.62953pt too wide) in paragraph at lines 114--114
[]     \OT1/pcr/m/n/10.95 main = 'Histogram of the Logarithm of Tractor Prices'
,[] 
 []

[2 <../Figures/hist_saleprice.pdf>]

pdfTeX warning: pdflatex.exe (file ../Figures/hist_log_saleprice.pdf): PDF incl
usion: found PDF version <1.7>, but at most version <1.5> allowed
<../Figures/hist_log_saleprice.pdf, id=25, 505.89pt x 505.89pt>
File: ../Figures/hist_log_saleprice.pdf Graphic file (type pdf)
<use ../Figures/hist_log_saleprice.pdf>
Package pdftex.def Info: ../Figures/hist_log_saleprice.pdf  used on input line 
119.
(pdftex.def)             Requested size: 252.94437pt x 252.94437pt.

Overfull \hbox (40.76952pt too wide) in paragraph at lines 138--138
[]     \OT1/pcr/m/n/10.95 main = c('Histogram of the Logarithm of Tractor Price
s',[] 
 []



pdfTeX warning: pdflatex.exe (file ../Figures/hist_log_saleprice_br5.pdf): PDF 
inclusion: found PDF version <1.7>, but at most version <1.5> allowed
<../Figures/hist_log_saleprice_br5.pdf, id=26, 505.89pt x 505.89pt>
File: ../Figures/hist_log_saleprice_br5.pdf Graphic file (type pdf)
<use ../Figures/hist_log_saleprice_br5.pdf>
Package pdftex.def Info: ../Figures/hist_log_saleprice_br5.pdf  used on input l
ine 143.
(pdftex.def)             Requested size: 252.94437pt x 252.94437pt.

LaTeX Warning: `!h' float specifier changed to `!ht'.

[3 <../Figures/hist_log_saleprice.pdf>]
Overfull \hbox (40.76952pt too wide) in paragraph at lines 159--159
[]     \OT1/pcr/m/n/10.95 main = c('Histogram of the Logarithm of Tractor Price
s',[] 
 []



pdfTeX warning: pdflatex.exe (file ../Figures/hist_log_saleprice_br50.pdf): PDF
 inclusion: found PDF version <1.7>, but at most version <1.5> allowed
<../Figures/hist_log_saleprice_br50.pdf, id=40, 505.89pt x 505.89pt>
File: ../Figures/hist_log_saleprice_br50.pdf Graphic file (type pdf)
<use ../Figures/hist_log_saleprice_br50.pdf>
Package pdftex.def Info: ../Figures/hist_log_saleprice_br50.pdf  used on input 
line 163.
(pdftex.def)             Requested size: 252.94437pt x 252.94437pt.

LaTeX Warning: `!h' float specifier changed to `!ht'.


Underfull \vbox (badness 10000) has occurred while \output is active []

 [4 <../Figures/hist_log_saleprice_br5.pdf>]
Underfull \vbox (badness 10000) has occurred while \output is active []

 [5 <../Figures/hist_log_saleprice_br50.pdf>]
Overfull \hbox (7.91956pt too wide) in paragraph at lines 194--194
[]     \OT1/pcr/m/n/10.95 main = 'Kernel-Smoothed Density of Tractor Prices',[]
 
 []



pdfTeX warning: pdflatex.exe (file ../Figures/density_saleprice.pdf): PDF inclu
sion: found PDF version <1.7>, but at most version <1.5> allowed
<../Figures/density_saleprice.pdf, id=68, 505.89pt x 505.89pt>
File: ../Figures/density_saleprice.pdf Graphic file (type pdf)
<use ../Figures/density_saleprice.pdf>
Package pdftex.def Info: ../Figures/density_saleprice.pdf  used on input line 1
99.
(pdftex.def)             Requested size: 252.94437pt x 252.94437pt.

Underfull \vbox (badness 3557) has occurred while \output is active []

 [6 <../Figures/density_saleprice.pdf>]
LaTeX Font Info:    Trying to load font information for TS1+ppl on input line 2
21.

(C:\Users\le279259\AppData\Local\Programs\MiKTeX\tex/latex/psnfss\ts1ppl.fd
File: ts1ppl.fd 2001/06/04 font definitions for TS1/ppl.
)
Overfull \hbox (21.05954pt too wide) in paragraph at lines 232--232
[]     \OT1/pcr/m/n/10.95 main = c('Kernel-Smoothed Density of Tractor Prices',
[] 
 []



pdfTeX warning: pdflatex.exe (file ../Figures/density_saleprice_bw10000.pdf): P
DF inclusion: found PDF version <1.7>, but at most version <1.5> allowed
<../Figures/density_saleprice_bw10000.pdf, id=84, 505.89pt x 505.89pt>
File: ../Figures/density_saleprice_bw10000.pdf Graphic file (type pdf)
<use ../Figures/density_saleprice_bw10000.pdf>
Package pdftex.def Info: ../Figures/density_saleprice_bw10000.pdf  used on inpu
t line 241.
(pdftex.def)             Requested size: 252.94437pt x 252.94437pt.

LaTeX Warning: `!h' float specifier changed to `!ht'.


Underfull \vbox (badness 10000) has occurred while \output is active []

 [7]
Overfull \hbox (21.05954pt too wide) in paragraph at lines 258--258
[]     \OT1/pcr/m/n/10.95 main = c('Kernel-Smoothed Density of Tractor Prices',
[] 
 []



pdfTeX warning: pdflatex.exe (file ../Figures/density_saleprice_bw1000.pdf): PD
F inclusion: found PDF version <1.7>, but at most version <1.5> allowed
<../Figures/density_saleprice_bw1000.pdf, id=89, 505.89pt x 505.89pt>
File: ../Figures/density_saleprice_bw1000.pdf Graphic file (type pdf)
<use ../Figures/density_saleprice_bw1000.pdf>
Package pdftex.def Info: ../Figures/density_saleprice_bw1000.pdf  used on input
 line 263.
(pdftex.def)             Requested size: 252.94437pt x 252.94437pt.

LaTeX Warning: `!h' float specifier changed to `!ht'.


Underfull \vbox (badness 10000) has occurred while \output is active []

 [8 <../Figures/density_saleprice_bw10000.pdf>]
Overfull \hbox (47.33951pt too wide) in paragraph at lines 288--288
[]\OT1/pcr/m/n/10.95 log_price_density <- density(tractor_sales[, 'log_salepric
e'],[] 
 []


Overfull \hbox (27.62953pt too wide) in paragraph at lines 288--288
[]     \OT1/pcr/m/n/10.95 main = c('Density of the Logarithm of Tractor Prices'
,[] 
 []



pdfTeX warning: pdflatex.exe (file ../Figures/density_log_saleprice_bw020.pdf):
 PDF inclusion: found PDF version <1.7>, but at most version <1.5> allowed
<../Figures/density_log_saleprice_bw020.pdf, id=105, 505.89pt x 505.89pt>
File: ../Figures/density_log_saleprice_bw020.pdf Graphic file (type pdf)
<use ../Figures/density_log_saleprice_bw020.pdf>
Package pdftex.def Info: ../Figures/density_log_saleprice_bw020.pdf  used on in
put line 292.
(pdftex.def)             Requested size: 252.94437pt x 252.94437pt.

LaTeX Warning: `!h' float specifier changed to `!ht'.

[9 <../Figures/density_saleprice_bw1000.pdf>] [10 <../Figures/density_log_salep
rice_bw020.pdf>]
<../Figures/dens_by_brand.pdf, id=134, 505.89pt x 505.89pt>
File: ../Figures/dens_by_brand.pdf Graphic file (type pdf)
<use ../Figures/dens_by_brand.pdf>
Package pdftex.def Info: ../Figures/dens_by_brand.pdf  used on input line 321.
(pdftex.def)             Requested size: 252.94437pt x 252.94437pt.
 [11

 <../Figures/dens_by_brand.pdf>] (Tractor_Price_Density.aux) ) 
Here is how much of TeX's memory you used:
 3082 strings out of 479163
 47745 string characters out of 2852567
 332542 words of memory out of 3000000
 20644 multiletter control sequences out of 15000+600000
 412654 words of font info for 56 fonts, out of 8000000 for 9000
 1141 hyphenation exceptions out of 8191
 55i,9n,62p,248b,258s stack positions out of 5000i,500n,10000p,200000b,80000s
{C:/Users/le27925
9/AppData/Local/Programs/MiKTeX/fonts/enc/dvips/base/8r.enc}<C:/Users/le279259/
AppData/Local/Programs/MiKTeX/fonts/type1/public/amsfonts/cm/cmmi10.pfb><C:/Use
rs/le279259/AppData/Local/Programs/MiKTeX/fonts/type1/public/amsfonts/cm/cmmi8.
pfb><C:/Users/le279259/AppData/Local/Programs/MiKTeX/fonts/type1/public/amsfont
s/cm/cmr10.pfb><C:/Users/le279259/AppData/Local/Programs/MiKTeX/fonts/type1/urw
/courier/ucrr8a.pfb><C:/Users/le279259/AppData/Local/Programs/MiKTeX/fonts/type
1/urw/palatino/uplb8a.pfb><C:/Users/le279259/AppData/Local/Programs/MiKTeX/font
s/type1/urw/palatino/uplr8a.pfb>
Output written on Tractor_Price_Density.pdf (11 pages, 203836 bytes).
PDF statistics:
 165 PDF objects out of 1000 (max. 8388607)
 0 named destinations out of 1000 (max. 500000)
 46 words of extra memory for PDF output out of 10000 (max. 10000000)

