[1] "Summary of FlyReels Dataset:"
     Name              Brand               Weight          Diameter    
 Length:248         Length:248         Min.   : 2.100   Min.   :2.500  
 Class :character   Class :character   1st Qu.: 4.800   1st Qu.:3.473  
 Mode  :character   Mode  :character   Median : 6.144   Median :3.850  
                                       Mean   : 6.564   Mean   :3.900  
                                       3rd Qu.: 8.205   3rd Qu.:4.250  
                                       Max.   :15.097   Max.   :5.500  
     Width           Price            Sealed            Country         
 Min.   :0.750   Min.   :  34.99   Length:248         Length:248        
 1st Qu.:0.970   1st Qu.: 239.00   Class :character   Class :character  
 Median :1.080   Median : 360.00   Mode  :character   Mode  :character  
 Mean   :1.098   Mean   : 397.24                                        
 3rd Qu.:1.250   3rd Qu.: 525.00                                        
 Max.   :1.688   Max.   :1095.00                                        
   Machined        
 Length:248        
 Class :character  
 Mode  :character  
                   
                   
                   
[1] "FlyReels Dataset with Categorical Factors:"
         Name                   Brand         Weight          Diameter    
  SDF 4/5  :  1   Waterworks-Lamson: 32   Min.   : 2.100   Min.   :2.500  
  SDF 5/6  :  1   Ross             : 28   1st Qu.: 4.800   1st Qu.:3.473  
  SDF 6/7  :  1   Allen            : 25   Median : 6.144   Median :3.850  
  SDS 11/12:  1   Galvan           : 23   Mean   : 6.564   Mean   :3.900  
  SDS 7/8  :  1   TFO              : 16   3rd Qu.: 8.205   3rd Qu.:4.250  
  SDS 9/10 :  1   3-TAND           : 15   Max.   :15.097   Max.   :5.500  
 (Other)   :242   (Other)          :109                                   
     Width           Price         Sealed     Country    Machined 
 Min.   :0.750   Min.   :  34.99   No : 94   China: 27   No : 31  
 1st Qu.:0.970   1st Qu.: 239.00   Yes:154   Korea: 86   Yes:217  
 Median :1.080   Median : 360.00             USA  :135            
 Mean   :1.098   Mean   : 397.24                                  
 3rd Qu.:1.250   3rd Qu.: 525.00                                  
 Max.   :1.688   Max.   :1095.00                                  
                                                                  
   log_Price    
 Min.   :3.555  
 1st Qu.:5.476  
 Median :5.886  
 Mean   :5.811  
 3rd Qu.:6.263  
 Max.   :6.999  
                

China Korea   USA 
   27    86   135 
       
        FALSE TRUE
  China    27    0
  Korea    86    0
  USA       0  135
 [1] "Name"        "Brand"       "Weight"      "Diameter"    "Width"      
 [6] "Price"       "Sealed"      "Country"     "Machined"    "log_Price"  
[11] "made_in_USA"

Call:
lm(formula = lm_fmla, data = flyreels)

Residuals:
     Min       1Q   Median       3Q      Max 
-1.01565 -0.21475 -0.01173  0.21988  0.90637 

Coefficients:
                Estimate Std. Error t value Pr(>|t|)    
(Intercept)      4.02615    0.85723   4.697 4.45e-06 ***
Width           -0.30740    0.30177  -1.019   0.3094    
Diameter         0.06226    0.15343   0.406   0.6853    
Density          0.01504    0.54691   0.028   0.9781    
Weight           0.10550    0.04460   2.366   0.0188 *  
SealedYes        0.42288    0.05057   8.363 5.02e-15 ***
MachinedYes      0.72770    0.07623   9.546  < 2e-16 ***
made_in_USATRUE  0.51390    0.04918  10.450  < 2e-16 ***
---
Signif. codes:  0 '***' 0.001 '**' 0.01 '*' 0.05 '.' 0.1 ' ' 1

Residual standard error: 0.3269 on 240 degrees of freedom
Multiple R-squared:  0.7459,	Adjusted R-squared:  0.7385 
F-statistic: 100.6 on 7 and 240 DF,  p-value: < 2.2e-16


Call:
lm(formula = lm_fmla, data = flyreels)

Residuals:
     Min       1Q   Median       3Q      Max 
-1.00114 -0.21974 -0.01096  0.19520  0.92690 

Coefficients:
                Estimate Std. Error t value Pr(>|t|)    
(Intercept)      3.25597    0.40399   8.059 3.56e-14 ***
Diameter         0.17407    0.10722   1.623  0.10580    
Density          0.48462    0.29432   1.647  0.10095    
Weight           0.06668    0.02317   2.878  0.00436 ** 
SealedYes        0.42196    0.05056   8.345 5.55e-15 ***
MachinedYes      0.74493    0.07434  10.021  < 2e-16 ***
made_in_USATRUE  0.51667    0.04911  10.522  < 2e-16 ***
---
Signif. codes:  0 '***' 0.001 '**' 0.01 '*' 0.05 '.' 0.1 ' ' 1

Residual standard error: 0.327 on 241 degrees of freedom
Multiple R-squared:  0.7448,	Adjusted R-squared:  0.7384 
F-statistic: 117.2 on 6 and 241 DF,  p-value: < 2.2e-16


Call:
lm(formula = lm_fmla, data = flyreels)

Residuals:
     Min       1Q   Median       3Q      Max 
-1.01659 -0.22394 -0.00675  0.22115  0.90167 

Coefficients:
                Estimate Std. Error t value Pr(>|t|)    
(Intercept)      4.35420    0.28471  15.294  < 2e-16 ***
Width           -0.39500    0.21050  -1.877   0.0618 .  
Density         -0.18282    0.24729  -0.739   0.4604    
Weight           0.12257    0.01479   8.287 8.11e-15 ***
SealedYes        0.42393    0.05041   8.409 3.65e-15 ***
MachinedYes      0.72499    0.07581   9.563  < 2e-16 ***
made_in_USATRUE  0.51361    0.04909  10.463  < 2e-16 ***
---
Signif. codes:  0 '***' 0.001 '**' 0.01 '*' 0.05 '.' 0.1 ' ' 1

Residual standard error: 0.3264 on 241 degrees of freedom
Multiple R-squared:  0.7457,	Adjusted R-squared:  0.7394 
F-statistic: 117.8 on 6 and 241 DF,  p-value: < 2.2e-16


Call:
lm(formula = lm_fmla, data = flyreels)

Residuals:
    Min      1Q  Median      3Q     Max 
-0.9979 -0.2191 -0.0024  0.2010  0.9402 

Coefficients:
                Estimate Std. Error t value Pr(>|t|)    
(Intercept)      2.09477    0.26368   7.944 7.45e-14 ***
Width            0.30260    0.15824   1.912    0.057 .  
Diameter         0.40460    0.05145   7.863 1.25e-13 ***
Density          1.19872    0.22284   5.379 1.77e-07 ***
SealedYes        0.42239    0.05105   8.275 8.81e-15 ***
MachinedYes      0.75544    0.07604   9.935  < 2e-16 ***
made_in_USATRUE  0.51673    0.04963  10.412  < 2e-16 ***
---
Signif. codes:  0 '***' 0.001 '**' 0.01 '*' 0.05 '.' 0.1 ' ' 1

Residual standard error: 0.33 on 241 degrees of freedom
Multiple R-squared:   0.74,	Adjusted R-squared:  0.7335 
F-statistic: 114.3 on 6 and 241 DF,  p-value: < 2.2e-16


Call:
lm(formula = lm_fmla, data = flyreels)

Residuals:
     Min       1Q   Median       3Q      Max 
-1.02692 -0.23591  0.00158  0.20722  0.91064 

Coefficients:
                Estimate Std. Error t value Pr(>|t|)    
(Intercept)      2.31180    0.23930   9.661  < 2e-16 ***
Diameter         0.45628    0.04402  10.364  < 2e-16 ***
Density          1.07462    0.21434   5.014 1.03e-06 ***
SealedYes        0.42512    0.05130   8.286 8.06e-15 ***
MachinedYes      0.72983    0.07526   9.697  < 2e-16 ***
made_in_USATRUE  0.51043    0.04979  10.251  < 2e-16 ***
---
Signif. codes:  0 '***' 0.001 '**' 0.01 '*' 0.05 '.' 0.1 ' ' 1

Residual standard error: 0.3318 on 242 degrees of freedom
Multiple R-squared:  0.736,	Adjusted R-squared:  0.7306 
F-statistic:   135 on 5 and 242 DF,  p-value: < 2.2e-16

     
      FALSE TRUE
  No     31    0
  Yes    82  135
     
      FALSE TRUE
  No     29   65
  Yes    84   70

Call:
lm(formula = lm_fmla, data = flyreels[flyreels[, "made_in_USA"] == 
    TRUE, ])

Residuals:
     Min       1Q   Median       3Q      Max 
-0.76668 -0.22447  0.03491  0.19074  0.66501 

Coefficients:
            Estimate Std. Error t value Pr(>|t|)    
(Intercept)  3.35410    0.29741  11.278  < 2e-16 ***
Width        0.27786    0.22085   1.258    0.211    
Diameter     0.43792    0.06844   6.398 2.61e-09 ***
Density      1.13056    0.25274   4.473 1.66e-05 ***
SealedYes    0.31599    0.05762   5.484 2.09e-07 ***
---
Signif. codes:  0 '***' 0.001 '**' 0.01 '*' 0.05 '.' 0.1 ' ' 1

Residual standard error: 0.3028 on 130 degrees of freedom
Multiple R-squared:  0.5376,	Adjusted R-squared:  0.5234 
F-statistic: 37.79 on 4 and 130 DF,  p-value: < 2.2e-16


Call:
lm(formula = lm_fmla, data = flyreels[flyreels[, "made_in_USA"] == 
    FALSE, ])

Residuals:
     Min       1Q   Median       3Q      Max 
-0.89952 -0.17913 -0.04603  0.16680  1.01949 

Coefficients:
            Estimate Std. Error t value Pr(>|t|)    
(Intercept)  2.02649    0.46960   4.315 3.57e-05 ***
Width        0.38590    0.23002   1.678  0.09632 .  
Diameter     0.35893    0.07841   4.578 1.27e-05 ***
Density      1.32229    0.40922   3.231  0.00164 ** 
SealedYes    0.64979    0.09659   6.728 8.80e-10 ***
MachinedYes  0.65001    0.09173   7.086 1.53e-10 ***
---
Signif. codes:  0 '***' 0.001 '**' 0.01 '*' 0.05 '.' 0.1 ' ' 1

Residual standard error: 0.3526 on 107 degrees of freedom
Multiple R-squared:  0.7455,	Adjusted R-squared:  0.7336 
F-statistic:  62.7 on 5 and 107 DF,  p-value: < 2.2e-16

[1] "Test for separate coefficients by country of manufacture"
[1] "RSS_unconstrained:"
[1] 25.2235
[1] "RSS_constrained:"
[1] 26.24962

Call:
lm(formula = lm_fmla, data = flyreels[flyreels[, "made_in_USA"] == 
    TRUE, ])

Residuals:
     Min       1Q   Median       3Q      Max 
-0.76668 -0.22447  0.03491  0.19074  0.66501 

Coefficients:
            Estimate Std. Error t value Pr(>|t|)    
(Intercept)  3.35410    0.29741  11.278  < 2e-16 ***
Width        0.27786    0.22085   1.258    0.211    
Diameter     0.43792    0.06844   6.398 2.61e-09 ***
Density      1.13056    0.25274   4.473 1.66e-05 ***
SealedYes    0.31599    0.05762   5.484 2.09e-07 ***
---
Signif. codes:  0 '***' 0.001 '**' 0.01 '*' 0.05 '.' 0.1 ' ' 1

Residual standard error: 0.3028 on 130 degrees of freedom
Multiple R-squared:  0.5376,	Adjusted R-squared:  0.5234 
F-statistic: 37.79 on 4 and 130 DF,  p-value: < 2.2e-16


Call:
lm(formula = lm_fmla, data = flyreels[flyreels[, "made_in_USA"] == 
    FALSE, ])

Residuals:
     Min       1Q   Median       3Q      Max 
-0.89952 -0.17913 -0.04603  0.16680  1.01949 

Coefficients:
            Estimate Std. Error t value Pr(>|t|)    
(Intercept)  2.02649    0.46960   4.315 3.57e-05 ***
Width        0.38590    0.23002   1.678  0.09632 .  
Diameter     0.35893    0.07841   4.578 1.27e-05 ***
Density      1.32229    0.40922   3.231  0.00164 ** 
SealedYes    0.64979    0.09659   6.728 8.80e-10 ***
MachinedYes  0.65001    0.09173   7.086 1.53e-10 ***
---
Signif. codes:  0 '***' 0.001 '**' 0.01 '*' 0.05 '.' 0.1 ' ' 1

Residual standard error: 0.3526 on 107 degrees of freedom
Multiple R-squared:  0.7455,	Adjusted R-squared:  0.7336 
F-statistic:  62.7 on 5 and 107 DF,  p-value: < 2.2e-16


Call:
lm(formula = lm_fmla, data = flyreels)

Residuals:
    Min      1Q  Median      3Q     Max 
-0.9979 -0.2191 -0.0024  0.2010  0.9402 

Coefficients:
                Estimate Std. Error t value Pr(>|t|)    
(Intercept)      2.09477    0.26368   7.944 7.45e-14 ***
Width            0.30260    0.15824   1.912    0.057 .  
Diameter         0.40460    0.05145   7.863 1.25e-13 ***
Density          1.19872    0.22284   5.379 1.77e-07 ***
SealedYes        0.42239    0.05105   8.275 8.81e-15 ***
MachinedYes      0.75544    0.07604   9.935  < 2e-16 ***
made_in_USATRUE  0.51673    0.04963  10.412  < 2e-16 ***
---
Signif. codes:  0 '***' 0.001 '**' 0.01 '*' 0.05 '.' 0.1 ' ' 1

Residual standard error: 0.33 on 241 degrees of freedom
Multiple R-squared:   0.74,	Adjusted R-squared:  0.7335 
F-statistic: 114.3 on 6 and 241 DF,  p-value: < 2.2e-16

[1] "F-statistic:"
[1] 2.41035
[1] "Critical value of F-statistic:"
[1] "at the 1% level"
[1] 3.399602
[1] "at the 5% level"
[1] 2.409895
[1] "at the 10% level"
[1] 1.96883

Call:
lm(formula = lm_fmla, data = flyreels)

Residuals:
     Min       1Q   Median       3Q      Max 
-0.92122 -0.20015  0.00169  0.19014  1.01551 

Coefficients:
                          Estimate Std. Error t value Pr(>|t|)    
(Intercept)                2.00999    0.26125   7.694 3.69e-13 ***
Width                      0.33575    0.15622   2.149  0.03262 *  
Diameter                   0.39567    0.05076   7.795 1.95e-13 ***
Density                    1.21296    0.21948   5.527 8.49e-08 ***
SealedYes                  0.62731    0.08622   7.275 4.88e-12 ***
MachinedYes                0.64934    0.08320   7.805 1.84e-13 ***
made_in_USATRUE            0.74633    0.09247   8.071 3.35e-14 ***
SealedYes:made_in_USATRUE -0.29519    0.10092  -2.925  0.00378 ** 
---
Signif. codes:  0 '***' 0.001 '**' 0.01 '*' 0.05 '.' 0.1 ' ' 1

Residual standard error: 0.325 on 240 degrees of freedom
Multiple R-squared:  0.7489,	Adjusted R-squared:  0.7416 
F-statistic: 102.3 on 7 and 240 DF,  p-value: < 2.2e-16


Call:
lm(formula = lm_fmla, data = flyreels)

Residuals:
     Min       1Q   Median       3Q      Max 
-0.99973 -0.22110 -0.00299  0.19446  0.94188 

Coefficients:
                        Estimate Std. Error t value Pr(>|t|)    
(Intercept)              2.13153    0.30159   7.068 1.70e-11 ***
Width                    0.29933    0.15907   1.882 0.061084 .  
Diameter                 0.40351    0.05174   7.799 1.90e-13 ***
Density                  1.13955    0.32351   3.522 0.000512 ***
SealedYes                0.42356    0.05135   8.248 1.06e-14 ***
MachinedYes              0.75477    0.07623   9.901  < 2e-16 ***
made_in_USATRUE          0.47017    0.19083   2.464 0.014452 *  
Density:made_in_USATRUE  0.09378    0.37107   0.253 0.800687    
---
Signif. codes:  0 '***' 0.001 '**' 0.01 '*' 0.05 '.' 0.1 ' ' 1

Residual standard error: 0.3307 on 240 degrees of freedom
Multiple R-squared:   0.74,	Adjusted R-squared:  0.7325 
F-statistic: 97.61 on 7 and 240 DF,  p-value: < 2.2e-16


Call:
lm(formula = lm_fmla, data = flyreels)

Residuals:
     Min       1Q   Median       3Q      Max 
-0.90844 -0.20268  0.00957  0.18061  1.01703 

Coefficients:
                          Estimate Std. Error t value Pr(>|t|)    
(Intercept)                1.88792    0.30752   6.139 3.43e-09 ***
Width                      0.34893    0.15734   2.218 0.027516 *  
Diameter                   0.39827    0.05092   7.822 1.67e-13 ***
Density                    1.39835    0.32965   4.242 3.17e-05 ***
SealedYes                  0.64226    0.08855   7.253 5.64e-12 ***
MachinedYes                0.64180    0.08387   7.652 4.85e-13 ***
made_in_USATRUE            0.91203    0.23839   3.826 0.000166 ***
SealedYes:made_in_USATRUE -0.32196    0.10707  -3.007 0.002919 ** 
Density:made_in_USATRUE   -0.29179    0.38687  -0.754 0.451449    
---
Signif. codes:  0 '***' 0.001 '**' 0.01 '*' 0.05 '.' 0.1 ' ' 1

Residual standard error: 0.3253 on 239 degrees of freedom
Multiple R-squared:  0.7495,	Adjusted R-squared:  0.7411 
F-statistic:  89.4 on 8 and 239 DF,  p-value: < 2.2e-16

