[1] "Summary of FlyReels Dataset:"
     Name              Brand               Weight          Diameter    
 Length:248         Length:248         Min.   : 2.100   Min.   :2.500  
 Class :character   Class :character   1st Qu.: 4.800   1st Qu.:3.473  
 Mode  :character   Mode  :character   Median : 6.144   Median :3.850  
                                       Mean   : 6.564   Mean   :3.900  
                                       3rd Qu.: 8.205   3rd Qu.:4.250  
                                       Max.   :15.097   Max.   :5.500  
     Width           Price            Sealed            Country         
 Min.   :0.750   Min.   :  34.99   Length:248         Length:248        
 1st Qu.:0.970   1st Qu.: 239.00   Class :character   Class :character  
 Median :1.080   Median : 360.00   Mode  :character   Mode  :character  
 Mean   :1.098   Mean   : 397.24                                        
 3rd Qu.:1.250   3rd Qu.: 525.00                                        
 Max.   :1.688   Max.   :1095.00                                        
   Machined        
 Length:248        
 Class :character  
 Mode  :character  
                   
                   
                   
[1] "Plotting ECDF."
null device 
          1 
[1] "Plotting relative histogram of price."
null device 
          1 
[1] "Plotting kernel-smoothed pdf"
[1] "of the natural logarithm of price."
null device 
          1 
[1] "Plotting figures by Country of Manufacture."

China Korea   USA 
   27    86   135 
pdf 
  2 
