[1] "Summary of tractor_sales Dataset:"
   saleprice        horsepower          age           enghours      
 Min.   :  1500   Min.   : 16.00   Min.   : 2.00   Min.   :    1.0  
 1st Qu.:  7750   1st Qu.: 47.75   1st Qu.: 7.00   1st Qu.:  777.2  
 Median : 12000   Median : 80.00   Median :15.00   Median : 2398.0  
 Mean   : 20747   Mean   :101.06   Mean   :15.91   Mean   : 3530.2  
 3rd Qu.: 20925   3rd Qu.:108.50   3rd Qu.:24.00   3rd Qu.: 5409.8  
 Max.   :200000   Max.   :535.00   Max.   :33.00   Max.   :18744.0  
     diesel            fwd             manual         johndeere     
 Min.   :0.0000   Min.   :0.0000   Min.   :0.0000   Min.   :0.0000  
 1st Qu.:1.0000   1st Qu.:0.0000   1st Qu.:0.0000   1st Qu.:0.0000  
 Median :1.0000   Median :1.0000   Median :1.0000   Median :0.0000  
 Mean   :0.9094   Mean   :0.5652   Mean   :0.7029   Mean   :0.1413  
 3rd Qu.:1.0000   3rd Qu.:1.0000   3rd Qu.:1.0000   3rd Qu.:0.0000  
 Max.   :1.0000   Max.   :1.0000   Max.   :1.0000   Max.   :1.0000  
      cab             spring           summer           winter      
 Min.   :0.0000   Min.   :0.0000   Min.   :0.0000   Min.   :0.0000  
 1st Qu.:0.0000   1st Qu.:0.0000   1st Qu.:0.0000   1st Qu.:0.0000  
 Median :1.0000   Median :0.0000   Median :0.0000   Median :0.0000  
 Mean   :0.5435   Mean   :0.2246   Mean   :0.2319   Mean   :0.1703  
 3rd Qu.:1.0000   3rd Qu.:0.0000   3rd Qu.:0.0000   3rd Qu.:0.0000  
 Max.   :1.0000   Max.   :1.0000   Max.   :1.0000   Max.   :1.0000  
$saleprice
[1] "integer"

$horsepower
[1] "integer"

$age
[1] "integer"

$enghours
[1] "integer"

$diesel
[1] "integer"

$fwd
[1] "integer"

$manual
[1] "integer"

$johndeere
[1] "integer"

$cab
[1] "integer"

$spring
[1] "integer"

$summer
[1] "integer"

$winter
[1] "integer"

[1] "Summarizing Numeric Variables"
[1] "Summary by make:"
$saleprice
[1] "integer"

$horsepower
[1] "integer"

$age
[1] "integer"

$enghours
[1] "integer"

$diesel
[1] "integer"

$fwd
[1] "integer"

$manual
[1] "integer"

$johndeere
[1] "integer"

$cab
[1] "integer"

$spring
[1] "integer"

$summer
[1] "integer"

$winter
[1] "integer"

                John Deere Other   
Min. saleprice  "  2800"   "  1500"
Mean saleprice  " 27973"   " 19557"
Max. saleprice  "200000"   "135000"
Min. horsepower " 16.00"   " 18.0" 
Mean horsepower " 99.13"   "101.4" 
Max. horsepower "491.00"   "535.0" 
Min. age        " 2.00"    " 2.00" 
Mean age        "18.03"    "15.56" 
Max. age        "33.00"    "33.00" 
Min. enghours   "   22"    "    1" 
Mean enghours   " 4023"    " 3449" 
Max. enghours   "10734"    "18744" 
% latex table generated in R 4.0.5 by xtable 1.8-4 package
% Tue Feb 07 16:01:18 2023
\begin{table}[ht]
\centering
\begin{tabular}{rll}
  \hline
 & John Deere & Other \\ 
  \hline
Min. saleprice &   2800 &   1500 \\ 
  Mean saleprice &  27973 &  19557 \\ 
  Max. saleprice & 200000 & 135000 \\ 
  Min. horsepower &  16.00 &  18.0 \\ 
  Mean horsepower &  99.13 & 101.4 \\ 
  Max. horsepower & 491.00 & 535.0 \\ 
  Min. age &  2.00 &  2.00 \\ 
  Mean age & 18.03 & 15.56 \\ 
  Max. age & 33.00 & 33.00 \\ 
  Min. enghours &    22 &     1 \\ 
  Mean enghours &  4023 &  3449 \\ 
  Max. enghours & 10734 & 18744 \\ 
   \hline
\end{tabular}
\caption{Summary by Make of Tractor} 
\label{tab:summ_by_make}
\end{table}
[1] "Summarizing Categorical Variables"

  0   1 
237  39 

  0   1 
 25 251 

  0   1 
120 156 

  0   1 
 82 194 

  0   1 
126 150 
   
      0   1
  0  16 221
  1   9  30
   
      0   1
  0 101 136
  1  19  20
   
      0   1
  0  73 164
  1   9  30
   
      0   1
  0 101 136
  1  25  14
[1] "Indicator Variables by Make of Tractor"
          John Deere Other Totals
Total             39   237    276
Gasoline           9    16     25
Diesel            30   221    251
2WD               19   101    120
4WD               20   136    156
Automatic          9    73     82
Manual            30   164    194
No Cab            25   101    126
Has Cab           14   136    150
% latex table generated in R 4.0.5 by xtable 1.8-4 package
% Tue Feb 07 16:01:18 2023
\begin{table}[ht]
\centering
\begin{tabular}{rrrr}
  \hline
 & John Deere & Other & Totals \\ 
  \hline
Total & 39 & 237 & 276 \\ 
  Gasoline & 9 & 16 & 25 \\ 
  Diesel & 30 & 221 & 251 \\ 
  2WD & 19 & 101 & 120 \\ 
  4WD & 20 & 136 & 156 \\ 
  Automatic & 9 & 73 & 82 \\ 
  Manual & 30 & 164 & 194 \\ 
  No Cab & 25 & 101 & 126 \\ 
  Has Cab & 14 & 136 & 150 \\ 
   \hline
\end{tabular}
\caption{Indicator Variables by Make of Tractor} 
\label{tab:ind_by_make}
\end{table}
[1] "Season Sold by Make of Tractor"

  Fall Spring Summer Winter 
   103     62     64     47 
        
          0  1
  Fall   89 14
  Spring 53  9
  Summer 58  6
  Winter 37 10
       John Deere Other Totals
Fall           14    89    103
Spring          9    53     62
Summer          6    58     64
Winter         10    37     47
Totals         39   237    276
% latex table generated in R 4.0.5 by xtable 1.8-4 package
% Tue Feb 07 16:01:18 2023
\begin{table}[ht]
\centering
\begin{tabular}{rrrr}
  \hline
 & John Deere & Other & Totals \\ 
  \hline
Fall & 14 & 89 & 103 \\ 
  Spring & 9 & 53 & 62 \\ 
  Summer & 6 & 58 & 64 \\ 
  Winter & 10 & 37 & 47 \\ 
  Totals & 39 & 237 & 276 \\ 
   \hline
\end{tabular}
\caption{Season Sold by Make of Tractor} 
\label{tab:season_sold_by_make}
\end{table}
[1] "Correlation Matrix for Numeric Variables"
              Log. of Price Horsepower         Age Engine Hours
Log. of Price    1.00000000 0.64850242 -0.44054234  -0.04583549
Horsepower       0.64850242 1.00000000  0.03884978   0.37778287
Age             -0.44054234 0.03884978  1.00000000   0.55903832
Engine Hours    -0.04583549 0.37778287  0.55903832   1.00000000
% latex table generated in R 4.0.5 by xtable 1.8-4 package
% Tue Feb 07 16:01:18 2023
\begin{table}[ht]
\centering
\begin{tabular}{rrrrr}
  \hline
 & Log. of Price & Horsepower & Age & Engine Hours \\ 
  \hline
Log. of Price & 1.000 & 0.649 & -0.441 & -0.046 \\ 
  Horsepower & 0.649 & 1.000 & 0.039 & 0.378 \\ 
  Age & -0.441 & 0.039 & 1.000 & 0.559 \\ 
  Engine Hours & -0.046 & 0.378 & 0.559 & 1.000 \\ 
   \hline
\end{tabular}
\caption{Correlation Matrix of Log. Prices and Numeric Variables} 
\label{tab:correlation_num}
\end{table}
[1] "Correlation Matrix for Categorical Variables"
              Log. of Price    Diesel         FWD      Manual       Cab
Log. of Price    1.00000000 0.3312511 0.521786207 0.038669332 0.5878393
Diesel           0.33125113 1.0000000 0.207044198 0.347308025 0.3443448
FWD              0.52178621 0.2070442 1.000000000 0.005563019 0.2232880
Manual           0.03866933 0.3473080 0.005563019 1.000000000 0.2795915
Cab              0.58783933 0.3443448 0.223288042 0.279591470 1.0000000
% latex table generated in R 4.0.5 by xtable 1.8-4 package
% Tue Feb 07 16:01:18 2023
\begin{table}[ht]
\centering
\begin{tabular}{rrrrrr}
  \hline
 & Log. of Price & Diesel & FWD & Manual & Cab \\ 
  \hline
Log. of Price & 1.000 & 0.331 & 0.522 & 0.039 & 0.588 \\ 
  Diesel & 0.331 & 1.000 & 0.207 & 0.347 & 0.344 \\ 
  FWD & 0.522 & 0.207 & 1.000 & 0.006 & 0.223 \\ 
  Manual & 0.039 & 0.347 & 0.006 & 1.000 & 0.280 \\ 
  Cab & 0.588 & 0.344 & 0.223 & 0.280 & 1.000 \\ 
   \hline
\end{tabular}
\caption{Correlation Matrix of Log. Prices and Indicator Variables} 
\label{tab:correlation_ind}
\end{table}
