[1] "Summary of tractor_sales Dataset:"
   saleprice        horsepower          age           enghours      
 Min.   :  1500   Min.   : 16.00   Min.   : 2.00   Min.   :    1.0  
 1st Qu.:  7750   1st Qu.: 47.75   1st Qu.: 7.00   1st Qu.:  777.2  
 Median : 12000   Median : 80.00   Median :15.00   Median : 2398.0  
 Mean   : 20747   Mean   :101.06   Mean   :15.91   Mean   : 3530.2  
 3rd Qu.: 20925   3rd Qu.:108.50   3rd Qu.:24.00   3rd Qu.: 5409.8  
 Max.   :200000   Max.   :535.00   Max.   :33.00   Max.   :18744.0  
     diesel            fwd             manual         johndeere     
 Min.   :0.0000   Min.   :0.0000   Min.   :0.0000   Min.   :0.0000  
 1st Qu.:1.0000   1st Qu.:0.0000   1st Qu.:0.0000   1st Qu.:0.0000  
 Median :1.0000   Median :1.0000   Median :1.0000   Median :0.0000  
 Mean   :0.9094   Mean   :0.5652   Mean   :0.7029   Mean   :0.1413  
 3rd Qu.:1.0000   3rd Qu.:1.0000   3rd Qu.:1.0000   3rd Qu.:0.0000  
 Max.   :1.0000   Max.   :1.0000   Max.   :1.0000   Max.   :1.0000  
      cab             spring           summer           winter      
 Min.   :0.0000   Min.   :0.0000   Min.   :0.0000   Min.   :0.0000  
 1st Qu.:0.0000   1st Qu.:0.0000   1st Qu.:0.0000   1st Qu.:0.0000  
 Median :1.0000   Median :0.0000   Median :0.0000   Median :0.0000  
 Mean   :0.5435   Mean   :0.2246   Mean   :0.2319   Mean   :0.1703  
 3rd Qu.:1.0000   3rd Qu.:0.0000   3rd Qu.:0.0000   3rd Qu.:0.0000  
 Max.   :1.0000   Max.   :1.0000   Max.   :1.0000   Max.   :1.0000  
null device 
          1 
null device 
          1 

Call:
lm(formula = saleprice ~ horsepower + age + enghours + diesel + 
    fwd + manual + johndeere + spring + summer + winter, data = tractor_sales)

Residuals:
   Min     1Q Median     3Q    Max 
-47155  -7094   -986   6322  94363 

Coefficients:
              Estimate Std. Error t value Pr(>|t|)    
(Intercept) 11670.4088  4519.2861   2.582   0.0103 *  
horsepower    246.3983    13.9845  17.619  < 2e-16 ***
age          -674.6358   148.9996  -4.528 9.02e-06 ***
enghours       -1.7575     0.3956  -4.443 1.30e-05 ***
diesel       2731.9735  3996.0465   0.684   0.4948    
fwd          2570.5696  2427.5124   1.059   0.2906    
manual      -3713.2828  2586.9553  -1.435   0.1524    
johndeere   12194.2259  2979.9088   4.092 5.68e-05 ***
spring      -1721.0059  2716.0344  -0.634   0.5269    
summer      -5569.4559  2654.9363  -2.098   0.0369 *  
winter      -1541.9875  2981.3104  -0.517   0.6054    
---
Signif. codes:  0 '***' 0.001 '**' 0.01 '*' 0.05 '.' 0.1 ' ' 1

Residual standard error: 16650 on 265 degrees of freedom
Multiple R-squared:  0.6475,	Adjusted R-squared:  0.6342 
F-statistic: 48.67 on 10 and 265 DF,  p-value: < 2.2e-16


Call:
lm(formula = log_saleprice ~ horsepower + age + enghours + diesel + 
    fwd + manual + johndeere + spring + summer + winter, data = tractor_sales)

Residuals:
     Min       1Q   Median       3Q      Max 
-1.40551 -0.32922  0.03705  0.36518  1.08651 

Coefficients:
              Estimate Std. Error t value Pr(>|t|)    
(Intercept)  8.770e+00  1.353e-01  64.825  < 2e-16 ***
horsepower   6.536e-03  4.186e-04  15.615  < 2e-16 ***
age         -2.754e-02  4.460e-03  -6.175 2.47e-09 ***
enghours    -2.117e-05  1.184e-05  -1.788   0.0750 .  
diesel       4.992e-01  1.196e-01   4.173 4.08e-05 ***
fwd          3.567e-01  7.266e-02   4.909 1.60e-06 ***
manual      -1.217e-01  7.744e-02  -1.571   0.1173    
johndeere    1.725e-01  8.920e-02   1.934   0.0541 .  
spring      -3.210e-02  8.130e-02  -0.395   0.6933    
summer      -1.188e-01  7.947e-02  -1.494   0.1363    
winter       4.009e-02  8.924e-02   0.449   0.6536    
---
Signif. codes:  0 '***' 0.001 '**' 0.01 '*' 0.05 '.' 0.1 ' ' 1

Residual standard error: 0.4983 on 265 degrees of freedom
Multiple R-squared:  0.6971,	Adjusted R-squared:  0.6857 
F-statistic: 60.99 on 10 and 265 DF,  p-value: < 2.2e-16

   Min. 1st Qu.  Median    Mean 3rd Qu.    Max. 
   1500    7750   12000   20747   20925  200000 
   Min. 1st Qu.  Median    Mean 3rd Qu.    Max. 
   2800    6300    9200   27973   30900  200000 
   Min. 1st Qu.  Median    Mean 3rd Qu.    Max. 
   1500    8000   12500   19557   20700  135000 

Call:
lm(formula = log_saleprice ~ horsepower + age + enghours + diesel + 
    fwd + johndeere + spring + summer + winter, data = tractor_sales)

Residuals:
     Min       1Q   Median       3Q      Max 
-1.45339 -0.34154  0.03873  0.36153  1.05668 

Coefficients:
              Estimate Std. Error t value Pr(>|t|)    
(Intercept)  8.796e+00  1.346e-01  65.369  < 2e-16 ***
horsepower   6.456e-03  4.166e-04  15.496  < 2e-16 ***
age         -2.953e-02  4.288e-03  -6.888 4.07e-11 ***
enghours    -2.184e-05  1.187e-05  -1.841 0.066807 .  
diesel       4.321e-01  1.121e-01   3.856 0.000144 ***
fwd          3.483e-01  7.266e-02   4.793 2.74e-06 ***
johndeere    1.577e-01  8.894e-02   1.773 0.077440 .  
spring      -3.564e-02  8.149e-02  -0.437 0.662181    
summer      -1.190e-01  7.969e-02  -1.493 0.136693    
winter       3.159e-02  8.932e-02   0.354 0.723876    
---
Signif. codes:  0 '***' 0.001 '**' 0.01 '*' 0.05 '.' 0.1 ' ' 1

Residual standard error: 0.4997 on 266 degrees of freedom
Multiple R-squared:  0.6943,	Adjusted R-squared:  0.6839 
F-statistic: 67.12 on 9 and 266 DF,  p-value: < 2.2e-16


Call:
lm(formula = log_saleprice ~ horsepower + age + enghours + diesel + 
    fwd + johndeere, data = tractor_sales)

Residuals:
    Min      1Q  Median      3Q     Max 
-1.4367 -0.3389  0.0335  0.3558  1.0738 

Coefficients:
              Estimate Std. Error t value Pr(>|t|)    
(Intercept)  8.779e+00  1.279e-01  68.658  < 2e-16 ***
horsepower   6.474e-03  4.127e-04  15.685  < 2e-16 ***
age         -2.971e-02  4.280e-03  -6.941 2.92e-11 ***
enghours    -2.263e-05  1.184e-05  -1.912  0.05695 .  
diesel       4.246e-01  1.118e-01   3.798  0.00018 ***
fwd          3.416e-01  7.210e-02   4.737 3.51e-06 ***
johndeere    1.707e-01  8.848e-02   1.929  0.05481 .  
---
Signif. codes:  0 '***' 0.001 '**' 0.01 '*' 0.05 '.' 0.1 ' ' 1

Residual standard error: 0.4997 on 269 degrees of freedom
Multiple R-squared:  0.6907,	Adjusted R-squared:  0.6838 
F-statistic: 100.1 on 6 and 269 DF,  p-value: < 2.2e-16

[1] "Test for exclusion of seasonal indicators"
[1] "RSS_unconstrained:"
[1] 66.40924
[1] "RSS_constrained:"
[1] 67.17639

Call:
lm(formula = log_saleprice ~ horsepower + age + enghours + diesel + 
    fwd + johndeere, data = tractor_sales)

Residuals:
    Min      1Q  Median      3Q     Max 
-1.4367 -0.3389  0.0335  0.3558  1.0738 

Coefficients:
              Estimate Std. Error t value Pr(>|t|)    
(Intercept)  8.779e+00  1.279e-01  68.658  < 2e-16 ***
horsepower   6.474e-03  4.127e-04  15.685  < 2e-16 ***
age         -2.971e-02  4.280e-03  -6.941 2.92e-11 ***
enghours    -2.263e-05  1.184e-05  -1.912  0.05695 .  
diesel       4.246e-01  1.118e-01   3.798  0.00018 ***
fwd          3.416e-01  7.210e-02   4.737 3.51e-06 ***
johndeere    1.707e-01  8.848e-02   1.929  0.05481 .  
---
Signif. codes:  0 '***' 0.001 '**' 0.01 '*' 0.05 '.' 0.1 ' ' 1

Residual standard error: 0.4997 on 269 degrees of freedom
Multiple R-squared:  0.6907,	Adjusted R-squared:  0.6838 
F-statistic: 100.1 on 6 and 269 DF,  p-value: < 2.2e-16


Call:
lm(formula = log_saleprice ~ horsepower + age + enghours + diesel + 
    fwd + johndeere + spring + summer + winter, data = tractor_sales)

Residuals:
     Min       1Q   Median       3Q      Max 
-1.45339 -0.34154  0.03873  0.36153  1.05668 

Coefficients:
              Estimate Std. Error t value Pr(>|t|)    
(Intercept)  8.796e+00  1.346e-01  65.369  < 2e-16 ***
horsepower   6.456e-03  4.166e-04  15.496  < 2e-16 ***
age         -2.953e-02  4.288e-03  -6.888 4.07e-11 ***
enghours    -2.184e-05  1.187e-05  -1.841 0.066807 .  
diesel       4.321e-01  1.121e-01   3.856 0.000144 ***
fwd          3.483e-01  7.266e-02   4.793 2.74e-06 ***
johndeere    1.577e-01  8.894e-02   1.773 0.077440 .  
spring      -3.564e-02  8.149e-02  -0.437 0.662181    
summer      -1.190e-01  7.969e-02  -1.493 0.136693    
winter       3.159e-02  8.932e-02   0.354 0.723876    
---
Signif. codes:  0 '***' 0.001 '**' 0.01 '*' 0.05 '.' 0.1 ' ' 1

Residual standard error: 0.4997 on 266 degrees of freedom
Multiple R-squared:  0.6943,	Adjusted R-squared:  0.6839 
F-statistic: 67.12 on 9 and 266 DF,  p-value: < 2.2e-16

[1] "F-statistic:"
[1] 1.024257

Call:
lm(formula = log_saleprice ~ horsepower + age + diesel + fwd + 
    johndeere, data = tractor_sales)

Residuals:
     Min       1Q   Median       3Q      Max 
-1.59095 -0.32186  0.03795  0.35660  1.11291 

Coefficients:
              Estimate Std. Error t value Pr(>|t|)    
(Intercept)  8.8142722  0.1271189  69.339  < 2e-16 ***
horsepower   0.0061655  0.0003818  16.149  < 2e-16 ***
age         -0.0342099  0.0035906  -9.528  < 2e-16 ***
diesel       0.4151781  0.1122206   3.700 0.000262 ***
fwd          0.3353535  0.0723819   4.633 5.61e-06 ***
johndeere    0.1661924  0.0888851   1.870 0.062602 .  
---
Signif. codes:  0 '***' 0.001 '**' 0.01 '*' 0.05 '.' 0.1 ' ' 1

Residual standard error: 0.5022 on 270 degrees of freedom
Multiple R-squared:  0.6865,	Adjusted R-squared:  0.6807 
F-statistic: 118.3 on 5 and 270 DF,  p-value: < 2.2e-16


Call:
lm(formula = log_saleprice ~ horsepower + age + diesel + fwd, 
    data = tractor_sales)

Residuals:
     Min       1Q   Median       3Q      Max 
-1.61863 -0.32567  0.03476  0.34317  1.26111 

Coefficients:
              Estimate Std. Error t value Pr(>|t|)    
(Intercept)  8.8628633  0.1250057  70.900  < 2e-16 ***
horsepower   0.0061858  0.0003834  16.134  < 2e-16 ***
age         -0.0336837  0.0035960  -9.367  < 2e-16 ***
diesel       0.3736895  0.1105104   3.381 0.000827 ***
fwd          0.3392435  0.0726844   4.667  4.8e-06 ***
---
Signif. codes:  0 '***' 0.001 '**' 0.01 '*' 0.05 '.' 0.1 ' ' 1

Residual standard error: 0.5045 on 271 degrees of freedom
Multiple R-squared:  0.6825,	Adjusted R-squared:  0.6778 
F-statistic: 145.6 on 4 and 271 DF,  p-value: < 2.2e-16


Call:
lm(formula = log_saleprice ~ horsepower + age + enghours + diesel + 
    fwd + manual + johndeere + johndeere * horsepower + cab, 
    data = tractor_sales)

Residuals:
     Min       1Q   Median       3Q      Max 
-1.66332 -0.26488  0.05463  0.28785  0.98105 

Coefficients:
                       Estimate Std. Error t value Pr(>|t|)    
(Intercept)           8.891e+00  1.116e-01  79.635  < 2e-16 ***
horsepower            4.757e-03  4.285e-04  11.100  < 2e-16 ***
age                  -2.969e-02  3.812e-03  -7.789 1.52e-13 ***
enghours             -3.584e-05  1.026e-05  -3.493 0.000559 ***
diesel                2.929e-01  1.039e-01   2.820 0.005160 ** 
fwd                   2.605e-01  6.226e-02   4.184 3.90e-05 ***
manual               -1.622e-01  6.619e-02  -2.450 0.014928 *  
johndeere             2.496e-01  1.100e-01   2.269 0.024062 *  
cab                   6.767e-01  6.722e-02  10.066  < 2e-16 ***
horsepower:johndeere  5.673e-04  7.702e-04   0.737 0.462005    
---
Signif. codes:  0 '***' 0.001 '**' 0.01 '*' 0.05 '.' 0.1 ' ' 1

Residual standard error: 0.4257 on 266 degrees of freedom
Multiple R-squared:  0.7781,	Adjusted R-squared:  0.7706 
F-statistic: 103.6 on 9 and 266 DF,  p-value: < 2.2e-16


Call:
lm(formula = log_saleprice ~ horsepower + age + enghours + diesel + 
    fwd + manual + johndeere + johndeere * enghours + cab, data = tractor_sales)

Residuals:
     Min       1Q   Median       3Q      Max 
-1.67311 -0.27157  0.05561  0.28223  1.00022 

Coefficients:
                     Estimate Std. Error t value Pr(>|t|)    
(Intercept)         8.880e+00  1.104e-01  80.421  < 2e-16 ***
horsepower          4.902e-03  3.929e-04  12.476  < 2e-16 ***
age                -2.994e-02  3.808e-03  -7.863 9.40e-14 ***
enghours           -3.884e-05  1.083e-05  -3.586 0.000399 ***
diesel              3.027e-01  1.038e-01   2.917 0.003838 ** 
fwd                 2.573e-01  6.230e-02   4.129 4.87e-05 ***
manual             -1.579e-01  6.632e-02  -2.381 0.017951 *  
johndeere           2.582e-01  1.140e-01   2.266 0.024286 *  
cab                 6.772e-01  6.728e-02  10.065  < 2e-16 ***
enghours:johndeere  1.278e-05  2.182e-05   0.586 0.558575    
---
Signif. codes:  0 '***' 0.001 '**' 0.01 '*' 0.05 '.' 0.1 ' ' 1

Residual standard error: 0.4258 on 266 degrees of freedom
Multiple R-squared:  0.7779,	Adjusted R-squared:  0.7704 
F-statistic: 103.5 on 9 and 266 DF,  p-value: < 2.2e-16


Call:
lm(formula = log_saleprice ~ horsepower + age + enghours + diesel + 
    fwd + manual + johndeere + johndeere * age + cab, data = tractor_sales)

Residuals:
    Min      1Q  Median      3Q     Max 
-1.6655 -0.2675  0.0531  0.2898  0.9711 

Coefficients:
                Estimate Std. Error t value Pr(>|t|)    
(Intercept)    8.879e+00  1.116e-01  79.539  < 2e-16 ***
horsepower     4.886e-03  3.947e-04  12.381  < 2e-16 ***
age           -2.990e-02  4.001e-03  -7.474 1.13e-12 ***
enghours      -3.673e-05  1.024e-05  -3.585  0.00040 ***
diesel         2.987e-01  1.039e-01   2.876  0.00436 ** 
fwd            2.588e-01  6.229e-02   4.155 4.39e-05 ***
manual        -1.602e-01  6.692e-02  -2.394  0.01738 *  
johndeere      3.035e-01  1.523e-01   1.993  0.04732 *  
cab            6.757e-01  6.734e-02  10.034  < 2e-16 ***
age:johndeere  2.314e-04  7.424e-03   0.031  0.97516    
---
Signif. codes:  0 '***' 0.001 '**' 0.01 '*' 0.05 '.' 0.1 ' ' 1

Residual standard error: 0.4261 on 266 degrees of freedom
Multiple R-squared:  0.7777,	Adjusted R-squared:  0.7701 
F-statistic: 103.4 on 9 and 266 DF,  p-value: < 2.2e-16


Call:
lm(formula = log_saleprice ~ horsepower + age + enghours + diesel + 
    fwd + manual + johndeere + johndeere * manual + cab, data = tractor_sales)

Residuals:
     Min       1Q   Median       3Q      Max 
-1.64620 -0.26899  0.06428  0.28570  0.91460 

Coefficients:
                   Estimate Std. Error t value Pr(>|t|)    
(Intercept)       8.929e+00  1.131e-01  78.919  < 2e-16 ***
horsepower        4.841e-03  3.904e-04  12.402  < 2e-16 ***
age              -2.948e-02  3.790e-03  -7.779 1.62e-13 ***
enghours         -3.544e-05  1.016e-05  -3.487 0.000572 ***
diesel            2.626e-01  1.049e-01   2.503 0.012911 *  
fwd               2.618e-01  6.192e-02   4.228 3.24e-05 ***
manual           -1.945e-01  6.841e-02  -2.843 0.004812 ** 
johndeere         5.400e-02  1.588e-01   0.340 0.734120    
cab               6.756e-01  6.686e-02  10.105  < 2e-16 ***
manual:johndeere  3.233e-01  1.775e-01   1.821 0.069724 .  
---
Signif. codes:  0 '***' 0.001 '**' 0.01 '*' 0.05 '.' 0.1 ' ' 1

Residual standard error: 0.4235 on 266 degrees of freedom
Multiple R-squared:  0.7804,	Adjusted R-squared:  0.773 
F-statistic:   105 on 9 and 266 DF,  p-value: < 2.2e-16


Call:
lm(formula = log_saleprice ~ horsepower + age + enghours + diesel + 
    fwd + manual + cab, data = tractor_sales[tractor_sales[, 
    "johndeere"] == 1, ])

Residuals:
     Min       1Q   Median       3Q      Max 
-0.82608 -0.28749 -0.00861  0.26605  0.97054 

Coefficients:
              Estimate Std. Error t value Pr(>|t|)    
(Intercept)  9.104e+00  2.649e-01  34.371  < 2e-16 ***
horsepower   5.360e-03  9.434e-04   5.681 3.05e-06 ***
age         -3.723e-02  1.099e-02  -3.387  0.00194 ** 
enghours    -1.918e-05  2.809e-05  -0.683  0.49979    
diesel       2.693e-01  2.163e-01   1.245  0.22231    
fwd          9.401e-02  1.898e-01   0.495  0.62388    
manual       1.723e-01  2.092e-01   0.824  0.41647    
cab          5.338e-01  2.053e-01   2.600  0.01415 *  
---
Signif. codes:  0 '***' 0.001 '**' 0.01 '*' 0.05 '.' 0.1 ' ' 1

Residual standard error: 0.4361 on 31 degrees of freedom
Multiple R-squared:  0.876,	Adjusted R-squared:  0.848 
F-statistic: 31.29 on 7 and 31 DF,  p-value: 2.411e-12


Call:
lm(formula = log_saleprice ~ horsepower + age + enghours + cab, 
    data = tractor_sales[tractor_sales[, "johndeere"] == 1, ])

Residuals:
     Min       1Q   Median       3Q      Max 
-0.71891 -0.29174 -0.05528  0.29981  1.15369 

Coefficients:
              Estimate Std. Error t value Pr(>|t|)    
(Intercept)  9.433e+00  1.821e-01  51.794  < 2e-16 ***
horsepower   5.721e-03  9.488e-04   6.029 7.89e-07 ***
age         -3.696e-02  9.407e-03  -3.929 0.000396 ***
enghours    -2.891e-05  2.725e-05  -1.061 0.296124    
cab          6.919e-01  1.931e-01   3.583 0.001051 ** 
---
Signif. codes:  0 '***' 0.001 '**' 0.01 '*' 0.05 '.' 0.1 ' ' 1

Residual standard error: 0.446 on 34 degrees of freedom
Multiple R-squared:  0.8578,	Adjusted R-squared:  0.841 
F-statistic: 51.26 on 4 and 34 DF,  p-value: 6.222e-14


Call:
lm(formula = log_saleprice ~ horsepower + age + cab, data = tractor_sales[tractor_sales[, 
    "johndeere"] == 1, ])

Residuals:
     Min       1Q   Median       3Q      Max 
-0.87814 -0.29732 -0.05138  0.26802  1.21161 

Coefficients:
             Estimate Std. Error t value Pr(>|t|)    
(Intercept)  9.458372   0.180934  52.275  < 2e-16 ***
horsepower   0.005529   0.000933   5.925 9.68e-07 ***
age         -0.043381   0.007217  -6.011 7.46e-07 ***
cab          0.673844   0.192716   3.497   0.0013 ** 
---
Signif. codes:  0 '***' 0.001 '**' 0.01 '*' 0.05 '.' 0.1 ' ' 1

Residual standard error: 0.4468 on 35 degrees of freedom
Multiple R-squared:  0.8531,	Adjusted R-squared:  0.8405 
F-statistic: 67.73 on 3 and 35 DF,  p-value: 1.191e-14


Call:
lm(formula = log_saleprice ~ horsepower + age + enghours + diesel + 
    fwd + manual + cab, data = tractor_sales[tractor_sales[, 
    "johndeere"] == 0, ])

Residuals:
     Min       1Q   Median       3Q      Max 
-1.66244 -0.26479  0.06166  0.28981  0.88230 

Coefficients:
              Estimate Std. Error t value Pr(>|t|)    
(Intercept)  8.900e+00  1.281e-01  69.495  < 2e-16 ***
horsepower   4.746e-03  4.399e-04  10.788  < 2e-16 ***
age         -2.847e-02  4.134e-03  -6.888 5.42e-11 ***
enghours    -3.783e-05  1.124e-05  -3.366 0.000895 ***
diesel       2.734e-01  1.244e-01   2.197 0.029044 *  
fwd          2.838e-01  6.626e-02   4.283 2.72e-05 ***
manual      -2.000e-01  7.072e-02  -2.828 0.005102 ** 
cab          6.967e-01  7.147e-02   9.748  < 2e-16 ***
---
Signif. codes:  0 '***' 0.001 '**' 0.01 '*' 0.05 '.' 0.1 ' ' 1

Residual standard error: 0.4252 on 229 degrees of freedom
Multiple R-squared:  0.756,	Adjusted R-squared:  0.7485 
F-statistic: 101.3 on 7 and 229 DF,  p-value: < 2.2e-16


Call:
lm(formula = log_saleprice ~ horsepower + age + enghours + fwd + 
    manual + cab, data = tractor_sales[tractor_sales[, "johndeere"] == 
    0, ])

Residuals:
     Min       1Q   Median       3Q      Max 
-1.68709 -0.25745  0.06594  0.28387  0.88401 

Coefficients:
              Estimate Std. Error t value Pr(>|t|)    
(Intercept)  9.116e+00  8.270e-02 110.224  < 2e-16 ***
horsepower   4.726e-03  4.435e-04  10.658  < 2e-16 ***
age         -3.007e-02  4.103e-03  -7.329  3.9e-12 ***
enghours    -3.555e-05  1.128e-05  -3.150  0.00185 ** 
fwd          2.976e-01  6.651e-02   4.475  1.2e-05 ***
manual      -1.515e-01  6.775e-02  -2.237  0.02628 *  
cab          7.253e-01  7.086e-02  10.235  < 2e-16 ***
---
Signif. codes:  0 '***' 0.001 '**' 0.01 '*' 0.05 '.' 0.1 ' ' 1

Residual standard error: 0.4287 on 230 degrees of freedom
Multiple R-squared:  0.7508,	Adjusted R-squared:  0.7443 
F-statistic: 115.5 on 6 and 230 DF,  p-value: < 2.2e-16

[1] "Test for separate coefficients by brand"

Call:
lm(formula = log_saleprice ~ horsepower + age + cab, data = tractor_sales[tractor_sales[, 
    "johndeere"] == 1, ])

Residuals:
     Min       1Q   Median       3Q      Max 
-0.87814 -0.29732 -0.05138  0.26802  1.21161 

Coefficients:
             Estimate Std. Error t value Pr(>|t|)    
(Intercept)  9.458372   0.180934  52.275  < 2e-16 ***
horsepower   0.005529   0.000933   5.925 9.68e-07 ***
age         -0.043381   0.007217  -6.011 7.46e-07 ***
cab          0.673844   0.192716   3.497   0.0013 ** 
---
Signif. codes:  0 '***' 0.001 '**' 0.01 '*' 0.05 '.' 0.1 ' ' 1

Residual standard error: 0.4468 on 35 degrees of freedom
Multiple R-squared:  0.8531,	Adjusted R-squared:  0.8405 
F-statistic: 67.73 on 3 and 35 DF,  p-value: 1.191e-14


Call:
lm(formula = log_saleprice ~ horsepower + age + enghours + diesel + 
    fwd + manual + cab, data = tractor_sales[tractor_sales[, 
    "johndeere"] == 0, ])

Residuals:
     Min       1Q   Median       3Q      Max 
-1.66244 -0.26479  0.06166  0.28981  0.88230 

Coefficients:
              Estimate Std. Error t value Pr(>|t|)    
(Intercept)  8.900e+00  1.281e-01  69.495  < 2e-16 ***
horsepower   4.746e-03  4.399e-04  10.788  < 2e-16 ***
age         -2.847e-02  4.134e-03  -6.888 5.42e-11 ***
enghours    -3.783e-05  1.124e-05  -3.366 0.000895 ***
diesel       2.734e-01  1.244e-01   2.197 0.029044 *  
fwd          2.838e-01  6.626e-02   4.283 2.72e-05 ***
manual      -2.000e-01  7.072e-02  -2.828 0.005102 ** 
cab          6.967e-01  7.147e-02   9.748  < 2e-16 ***
---
Signif. codes:  0 '***' 0.001 '**' 0.01 '*' 0.05 '.' 0.1 ' ' 1

Residual standard error: 0.4252 on 229 degrees of freedom
Multiple R-squared:  0.756,	Adjusted R-squared:  0.7485 
F-statistic: 101.3 on 7 and 229 DF,  p-value: < 2.2e-16

[1] "RSS_unconstrained:"
[1] 48.38915

Call:
lm(formula = log_saleprice ~ horsepower + age + diesel + fwd, 
    data = tractor_sales)

Residuals:
     Min       1Q   Median       3Q      Max 
-1.61863 -0.32567  0.03476  0.34317  1.26111 

Coefficients:
              Estimate Std. Error t value Pr(>|t|)    
(Intercept)  8.8628633  0.1250057  70.900  < 2e-16 ***
horsepower   0.0061858  0.0003834  16.134  < 2e-16 ***
age         -0.0336837  0.0035960  -9.367  < 2e-16 ***
diesel       0.3736895  0.1105104   3.381 0.000827 ***
fwd          0.3392435  0.0726844   4.667  4.8e-06 ***
---
Signif. codes:  0 '***' 0.001 '**' 0.01 '*' 0.05 '.' 0.1 ' ' 1

Residual standard error: 0.5045 on 271 degrees of freedom
Multiple R-squared:  0.6825,	Adjusted R-squared:  0.6778 
F-statistic: 145.6 on 4 and 271 DF,  p-value: < 2.2e-16

[1] "RSS_constrained:"
[1] 68.97084

Call:
lm(formula = log_saleprice ~ horsepower + age + cab, data = tractor_sales[tractor_sales[, 
    "johndeere"] == 1, ])

Residuals:
     Min       1Q   Median       3Q      Max 
-0.87814 -0.29732 -0.05138  0.26802  1.21161 

Coefficients:
             Estimate Std. Error t value Pr(>|t|)    
(Intercept)  9.458372   0.180934  52.275  < 2e-16 ***
horsepower   0.005529   0.000933   5.925 9.68e-07 ***
age         -0.043381   0.007217  -6.011 7.46e-07 ***
cab          0.673844   0.192716   3.497   0.0013 ** 
---
Signif. codes:  0 '***' 0.001 '**' 0.01 '*' 0.05 '.' 0.1 ' ' 1

Residual standard error: 0.4468 on 35 degrees of freedom
Multiple R-squared:  0.8531,	Adjusted R-squared:  0.8405 
F-statistic: 67.73 on 3 and 35 DF,  p-value: 1.191e-14


Call:
lm(formula = log_saleprice ~ horsepower + age + enghours + diesel + 
    fwd + manual + cab, data = tractor_sales[tractor_sales[, 
    "johndeere"] == 0, ])

Residuals:
     Min       1Q   Median       3Q      Max 
-1.66244 -0.26479  0.06166  0.28981  0.88230 

Coefficients:
              Estimate Std. Error t value Pr(>|t|)    
(Intercept)  8.900e+00  1.281e-01  69.495  < 2e-16 ***
horsepower   4.746e-03  4.399e-04  10.788  < 2e-16 ***
age         -2.847e-02  4.134e-03  -6.888 5.42e-11 ***
enghours    -3.783e-05  1.124e-05  -3.366 0.000895 ***
diesel       2.734e-01  1.244e-01   2.197 0.029044 *  
fwd          2.838e-01  6.626e-02   4.283 2.72e-05 ***
manual      -2.000e-01  7.072e-02  -2.828 0.005102 ** 
cab          6.967e-01  7.147e-02   9.748  < 2e-16 ***
---
Signif. codes:  0 '***' 0.001 '**' 0.01 '*' 0.05 '.' 0.1 ' ' 1

Residual standard error: 0.4252 on 229 degrees of freedom
Multiple R-squared:  0.756,	Adjusted R-squared:  0.7485 
F-statistic: 101.3 on 7 and 229 DF,  p-value: < 2.2e-16


Call:
lm(formula = log_saleprice ~ horsepower + age + diesel + fwd, 
    data = tractor_sales)

Residuals:
     Min       1Q   Median       3Q      Max 
-1.61863 -0.32567  0.03476  0.34317  1.26111 

Coefficients:
              Estimate Std. Error t value Pr(>|t|)    
(Intercept)  8.8628633  0.1250057  70.900  < 2e-16 ***
horsepower   0.0061858  0.0003834  16.134  < 2e-16 ***
age         -0.0336837  0.0035960  -9.367  < 2e-16 ***
diesel       0.3736895  0.1105104   3.381 0.000827 ***
fwd          0.3392435  0.0726844   4.667  4.8e-06 ***
---
Signif. codes:  0 '***' 0.001 '**' 0.01 '*' 0.05 '.' 0.1 ' ' 1

Residual standard error: 0.5045 on 271 degrees of freedom
Multiple R-squared:  0.6825,	Adjusted R-squared:  0.6778 
F-statistic: 145.6 on 4 and 271 DF,  p-value: < 2.2e-16

[1] "F-statistic:"
[1] 16.04128
