[1] "Summary of tractor_sales Dataset:"
   saleprice        horsepower          age           enghours      
 Min.   :  1500   Min.   : 16.00   Min.   : 2.00   Min.   :    1.0  
 1st Qu.:  7750   1st Qu.: 47.75   1st Qu.: 7.00   1st Qu.:  777.2  
 Median : 12000   Median : 80.00   Median :15.00   Median : 2398.0  
 Mean   : 20747   Mean   :101.06   Mean   :15.91   Mean   : 3530.2  
 3rd Qu.: 20925   3rd Qu.:108.50   3rd Qu.:24.00   3rd Qu.: 5409.8  
 Max.   :200000   Max.   :535.00   Max.   :33.00   Max.   :18744.0  
     diesel            fwd             manual         johndeere     
 Min.   :0.0000   Min.   :0.0000   Min.   :0.0000   Min.   :0.0000  
 1st Qu.:1.0000   1st Qu.:0.0000   1st Qu.:0.0000   1st Qu.:0.0000  
 Median :1.0000   Median :1.0000   Median :1.0000   Median :0.0000  
 Mean   :0.9094   Mean   :0.5652   Mean   :0.7029   Mean   :0.1413  
 3rd Qu.:1.0000   3rd Qu.:1.0000   3rd Qu.:1.0000   3rd Qu.:0.0000  
 Max.   :1.0000   Max.   :1.0000   Max.   :1.0000   Max.   :1.0000  
      cab             spring           summer           winter      
 Min.   :0.0000   Min.   :0.0000   Min.   :0.0000   Min.   :0.0000  
 1st Qu.:0.0000   1st Qu.:0.0000   1st Qu.:0.0000   1st Qu.:0.0000  
 Median :1.0000   Median :0.0000   Median :0.0000   Median :0.0000  
 Mean   :0.5435   Mean   :0.2246   Mean   :0.2319   Mean   :0.1703  
 3rd Qu.:1.0000   3rd Qu.:0.0000   3rd Qu.:0.0000   3rd Qu.:0.0000  
 Max.   :1.0000   Max.   :1.0000   Max.   :1.0000   Max.   :1.0000  
[1] "Plotting relative histograms of saleprice."
null device 
          1 
null device 
          1 
null device 
          1 
null device 
          1 
[1] "Plotting kernel-smoothed densities of saleprice."
null device 
          1 
$names
[1] "x"         "y"         "bw"        "n"         "call"      "data.name"
[7] "has.na"   

$class
[1] "density"

[1] 2875.455
null device 
          1 
null device 
          1 
null device 
          1 
[1] "Plotting figures by Brand."
pdf 
  2 
